PRT1
92
297
4 0 24 (1024 0 -1142.399902 ) (1024 0 -888 ) (1024 24 -888 ) (1024 24 -1142.399902 ) 
4 0 20 (1024 0 -888 ) (1024 0 -800 ) (1024 24 -800 ) (1024 24 -888 ) 
4 0 17 (1024 0 -800 ) (1024 0 -672 ) (1024 24 -672 ) (1024 24 -800 ) 
4 0 16 (1024 0 -672 ) (1024 0 -576 ) (1024 24 -576 ) (1024 24 -672 ) 
4 0 12 (1024 0 -576 ) (1024 0 182.399979 ) (1024 24 182.399979 ) (1024 24 -576 ) 
4 0 11 (1024 173.537994 -888 ) (1024 173.537994 -1142.399902 ) (1024 24 -1142.399902 ) (1024 24 -888 ) 
4 0 9 (1024 173.537994 -880 ) (1024 173.537994 -888 ) (1024 24 -888 ) (1024 24 -880 ) 
4 0 8 (1024 24 182.399979 ) (1024 173.537994 182.399979 ) (1024 173.537994 -880 ) (1024 24 -880 ) 
4 0 3 (1024 0 -986.823547 ) (1024 0 -1142.399902 ) (1040 0 -1142.399902 ) (1040 0 -968 ) 
4 0 2 (1040 0 182.399979 ) (1024 0 182.399979 ) (1024 0 -888 ) (1040 0 -888 ) 
4 0 1 (1312 0 182.399979 ) (1040 0 182.399979 ) (1040 0 -1142.399902 ) (1312 0 -1142.399902 ) 
4 1 4 (1040 -1024 -1142.399902 ) (1312 -1024 -1142.399902 ) (1312 -1024 182.399979 ) (1040 -1024 182.399979 ) 
4 1 3 (1040 0 -1142.399902 ) (1040 -1024 -1142.399902 ) (1040 -1024 -968 ) (1040 0 -968 ) 
4 1 2 (1040 -1024 -888 ) (1040 -1024 182.399979 ) (1040 0 182.399979 ) (1040 0 -888 ) 
4 2 39 (1024 -1024 -888 ) (1024 -1024 -880 ) (1024 0 -880 ) (1024 0 -888 ) 
4 2 36 (1024 -1024 -880 ) (1024 -1024 -800 ) (1024 0 -800 ) (1024 0 -880 ) 
4 2 33 (1024 -1024 -800 ) (1024 -1024 -672 ) (1024 0 -672 ) (1024 0 -800 ) 
4 2 31 (1024 -1024 -672 ) (1024 -1024 -592 ) (1024 0 -592 ) (1024 0 -672 ) 
4 2 29 (1024 -1024 -592 ) (1024 -1024 -576 ) (1024 0 -576 ) (1024 0 -592 ) 
4 2 27 (1024 -1024 -576 ) (1024 -1024 -560 ) (1024 0 -560 ) (1024 0 -576 ) 
4 2 26 (1024 -1024 -560 ) (1024 -1024 182.399979 ) (1024 0 182.399979 ) (1024 0 -560 ) 
4 2 5 (1024 -1024 182.399979 ) (1024 -1024 -888 ) (1040 -1024 -888 ) (1040 -1024 182.399979 ) 
4 3 47 (1024 -1024 -1142.399902 ) (1024 -1024 -1032 ) (1024 0 -1032 ) (1024 0 -1142.399902 ) 
4 3 45 (1024 -1024 -1032 ) (1024 -1024 -986.823547 ) (1024 0 -986.823547 ) (1024 0 -1032 ) 
4 3 6 (1024 -1024 -986.823547 ) (1024 -1024 -1142.399902 ) (1040 -1024 -1142.399902 ) (1040 -1024 -968 ) 
4 4 6 (1040 -1024 -1142.399902 ) (1040 -1536 -1142.399902 ) (1040 -1536 -968 ) (1040 -1024 -968 ) 
4 4 5 (1040 -1536 -888 ) (1040 -1536 182.399979 ) (1040 -1024 182.399979 ) (1040 -1024 -888 ) 
4 4 7 (1040 -1536 -1142.399902 ) (1040 -1805.540039 -1142.399902 ) (1040 -1805.540039 182.399979 ) (1040 -1536 182.399979 ) 
4 5 71 (1024 -1024 -880 ) (1024 -1024 -888 ) (1024 -1536 -888 ) (1024 -1536 -880 ) 
4 5 64 (1024 -1024 -800 ) (1024 -1024 -880 ) (1024 -1536 -880 ) (1024 -1536 -800 ) 
4 5 61 (1024 -1024 -672 ) (1024 -1024 -800 ) (1024 -1536 -800 ) (1024 -1536 -672 ) 
4 5 60 (1024 -1024 -576 ) (1024 -1024 -672 ) (1024 -1536 -672 ) (1024 -1536 -576 ) 
4 5 50 (1024 -1536 182.399979 ) (1024 -1024 182.399979 ) (1024 -1024 -576 ) (1024 -1536 -576 ) 
4 5 7 (1040 -1536 -888 ) (1040 -1536 182.399979 ) (1024 -1536 182.399979 ) (1024 -1536 -888 ) 
4 6 82 (1024 -1024 -986.823547 ) (1024 -1024 -1032 ) (1024 -1536 -1032 ) (1024 -1536 -986.823547 ) 
4 6 84 (1024 -1024 -1032 ) (1024 -1024 -1142.399902 ) (1024 -1536 -1142.399902 ) (1024 -1536 -1032 ) 
4 6 7 (1024 -1536 -1142.399902 ) (1040 -1536 -1142.399902 ) (1040 -1536 -968 ) (1024 -1536 -986.823547 ) 
4 7 89 (1024 -1805.540039 -1142.399902 ) (1024 -1805.540039 -1024 ) (1024 -1544 -1024 ) (1024 -1544 -1142.399902 ) 
4 7 86 (1024 -1805.540039 -1024 ) (1024 -1805.540039 -888 ) (1024 -1568 -888 ) (1024 -1568 -1024 ) 
4 7 85 (1024 -1544 -888 ) (1024 -1536 -888 ) (1024 -1536 -1142.399902 ) (1024 -1544 -1142.399902 ) 
4 7 81 (1024 -1805.540039 -888 ) (1024 -1805.540039 -880 ) (1024 -1576 -880 ) (1024 -1576 -888 ) 
4 7 71 (1024 -1576 -880 ) (1024 -1536 -880 ) (1024 -1536 -888 ) (1024 -1576 -888 ) 
4 7 69 (1024 -1805.540039 -880 ) (1024 -1805.540039 -576 ) (1024 -1576 -576 ) (1024 -1576 -880 ) 
4 7 64 (1024 -1536 -800 ) (1024 -1536 -880 ) (1024 -1576 -880 ) (1024 -1576 -800 ) 
4 7 61 (1024 -1536 -672 ) (1024 -1536 -800 ) (1024 -1576 -800 ) (1024 -1576 -672 ) 
4 7 60 (1024 -1576 -576 ) (1024 -1536 -576 ) (1024 -1536 -672 ) (1024 -1576 -672 ) 
4 7 50 (1024 -1805.540039 -576 ) (1024 -1805.540039 182.399979 ) (1024 -1536 182.399979 ) (1024 -1536 -576 ) 
4 8 21 (828 24 -576 ) (552 24 -576 ) (552 24 -880 ) (828 24 -880 ) 
4 8 20 (1024 24 -880 ) (1024 24 -800 ) (912 24 -800 ) (853.818237 24 -880 ) 
4 8 19 (896 24 -800 ) (828 24 -800 ) (828 24 -872 ) (843.636353 24 -872 ) 
4 8 17 (1024 24 -800 ) (1024 24 -672 ) (928 24 -672 ) (928 24 -800 ) 
4 8 18 (896 24 -672 ) (828 24 -672 ) (828 24 -800 ) (896 24 -800 ) 
4 8 16 (1024 24 -672 ) (1024 24 -576 ) (848 24 -576 ) (912 24 -672 ) 
4 8 15 (828 24 -592 ) (828 24 -672 ) (896 24 -672 ) (842.666687 24 -592 ) 
4 8 13 (848 24 182.399979 ) (552 24 182.399979 ) (552 24 -560 ) (848 24 -560 ) 
4 8 12 (1024 24 -576 ) (1024 24 182.399979 ) (848 24 182.399979 ) (848 24 -576 ) 
5 8 9 (1024 24 -880 ) (568 24 -880 ) (552 40 -880 ) (552 173.537994 -880 ) (1024 173.537994 -880 ) 
4 8 10 (552 24 -880 ) (552 24 182.399979 ) (552 173.537994 182.399979 ) (552 173.537994 -880 ) 
4 9 22 (568 24 -888 ) (828 24 -888 ) (828 24 -880 ) (568 24 -880 ) 
4 9 20 (848 24 -888 ) (1024 24 -888 ) (1024 24 -880 ) (853.818237 24 -880 ) 
5 9 11 (1024 24 -888 ) (568 24 -888 ) (552 40 -888 ) (552 173.537994 -888 ) (1024 173.537994 -888 ) 
4 9 10 (552 173.537994 -888 ) (552 40 -888 ) (552 40 -880 ) (552 173.537994 -880 ) 
4 10 25 (0 24 -888 ) (0 24 182.399979 ) (0 173.537994 182.399979 ) (0 173.537994 -888 ) 
4 10 23 (0 24 -880 ) (0 24 -888 ) (552 24 -888 ) (552 24 -880 ) 
4 10 21 (0 24 -576 ) (0 24 -880 ) (552 24 -880 ) (552 24 -576 ) 
4 10 13 (552 24 -560 ) (552 24 182.399979 ) (532 24 182.399979 ) (532 24 -560 ) 
4 10 14 (0 24 182.399979 ) (0 24 -576 ) (532 24 -576 ) (532 24 182.399979 ) 
4 10 11 (552 24 -888 ) (0 24 -888 ) (0 173.537994 -888 ) (552 173.537994 -888 ) 
4 11 25 (0 24 -1142.399902 ) (0 24 -888 ) (0 173.537994 -888 ) (0 173.537994 -1142.399902 ) 
4 11 24 (0 24 -888 ) (0 24 -1142.399902 ) (1024 24 -1142.399902 ) (1024 24 -888 ) 
4 12 27 (1024 0 -576 ) (1024 0 -560 ) (848 0 -560 ) (848 0 -576 ) 
4 12 26 (1024 0 -560 ) (1024 0 182.399979 ) (848 0 182.399979 ) (848 0 -560 ) 
4 12 16 (1024 0 -576 ) (848 0 -576 ) (848 24 -576 ) (1024 24 -576 ) 
4 12 13 (848 0 -560 ) (848 0 182.399979 ) (848 24 182.399979 ) (848 24 -560 ) 
4 13 26 (848 0 182.399979 ) (532 0 182.399979 ) (532 0 -560 ) (848 0 -560 ) 
4 13 14 (532 0 -560 ) (532 0 182.399979 ) (532 24 182.399979 ) (532 24 -560 ) 
4 14 48 (496 0 182.399979 ) (0 0 182.399979 ) (0 0 -576 ) (496 0 -576 ) 
4 14 28 (496 0 -560 ) (496 0 -576 ) (532 0 -576 ) (532 0 -560 ) 
4 14 26 (532 0 182.399979 ) (496 0 182.399979 ) (496 0 -560 ) (532 0 -560 ) 
4 14 25 (0 0 -576 ) (0 0 182.399979 ) (0 24 182.399979 ) (0 24 -576 ) 
4 14 21 (532 0 -576 ) (0 0 -576 ) (0 24 -576 ) (532 24 -576 ) 
4 15 32 (828 0 -592 ) (828 0 -672 ) (896 0 -672 ) (842.666687 0 -592 ) 
4 15 21 (828 0 -672 ) (828 0 -592 ) (828 24 -592 ) (828 24 -672 ) 
4 15 18 (896 0 -672 ) (828 0 -672 ) (828 24 -672 ) (896 24 -672 ) 
4 16 31 (1024 0 -672 ) (1024 0 -592 ) (858.666687 0 -592 ) (912 0 -672 ) 
4 16 29 (1024 0 -592 ) (1024 0 -576 ) (848 0 -576 ) (858.666687 0 -592 ) 
4 16 17 (1024 0 -672 ) (928 0 -672 ) (928 24 -672 ) (1024 24 -672 ) 
4 17 33 (1024 0 -800 ) (1024 0 -672 ) (928 0 -672 ) (928 0 -800 ) 
4 17 20 (928 24 -800 ) (1024 24 -800 ) (1024 0 -800 ) (928 0 -800 ) 
4 18 34 (896 0 -672 ) (828 0 -672 ) (828 0 -800 ) (896 0 -800 ) 
4 18 21 (828 0 -800 ) (828 0 -672 ) (828 24 -672 ) (828 24 -800 ) 
4 18 19 (828 0 -800 ) (828 24 -800 ) (896 24 -800 ) (896 0 -800 ) 
4 19 35 (896 0 -800 ) (828 0 -800 ) (828 0 -872 ) (843.636414 0 -872 ) 
4 19 21 (828 0 -872 ) (828 0 -800 ) (828 24 -800 ) (828 24 -872 ) 
4 20 39 (1024 0 -888 ) (1024 0 -880 ) (853.818115 0 -880 ) (848 0 -888 ) 
4 20 36 (1024 0 -880 ) (1024 0 -800 ) (912 0 -800 ) (853.818115 0 -880 ) 
4 20 24 (848 24 -888 ) (1024 24 -888 ) (1024 0 -888 ) (848 0 -888 ) 
4 21 48 (496 0 -576 ) (0 0 -576 ) (0 0 -880 ) (496 0 -880 ) 
4 21 37 (496 0 -592 ) (496 0 -880 ) (828 0 -880 ) (828 0 -592 ) 
4 21 30 (828 0 -576 ) (496 0 -576 ) (496 0 -592 ) (828 0 -592 ) 
4 21 25 (0 0 -880 ) (0 0 -576 ) (0 24 -576 ) (0 24 -880 ) 
4 21 22 (568 24 -880 ) (828 24 -880 ) (828 0 -880 ) (568 0 -880 ) 
4 21 23 (0 0 -880 ) (0 24 -880 ) (552 24 -880 ) (552 0 -880 ) 
4 22 38 (568 0 -888 ) (828 0 -888 ) (828 0 -880 ) (568 0 -880 ) 
4 22 24 (568 24 -888 ) (828 24 -888 ) (828 0 -888 ) (568 0 -888 ) 
4 23 48 (0 0 -880 ) (0 0 -888 ) (496 0 -888 ) (496 0 -880 ) 
4 23 44 (496 0 -888 ) (504 0 -888 ) (504 0 -880 ) (496 0 -880 ) 
4 23 25 (0 0 -888 ) (0 0 -880 ) (0 24 -880 ) (0 24 -888 ) 
4 23 24 (0 0 -888 ) (0 24 -888 ) (552 24 -888 ) (552 0 -888 ) 
4 24 48 (496 0 -888 ) (0 0 -888 ) (0 0 -1142.399902 ) (496 0 -1142.399902 ) 
4 24 47 (1024 0 -1142.399902 ) (1024 0 -1032 ) (496 0 -1032 ) (496 0 -1142.399902 ) 
3 24 46 (496 0 -952 ) (496 0 -1032 ) (564 0 -1032 ) 
3 24 45 (1024 0 -1032 ) (1024 0 -986.823608 ) (985.600037 0 -1032 ) 
4 24 25 (0 0 -1142.399902 ) (0 0 -888 ) (0 24 -888 ) (0 24 -1142.399902 ) 
4 25 49 (0 0 -1142.399902 ) (0 0 182.399979 ) (-640 0 182.399979 ) (-640 0 -1142.399902 ) 
4 26 54 (520 -1024 -544 ) (520 -1024 -560 ) (532 -1024 -560 ) (532 -1024 -544 ) 
4 26 53 (532 -1024 -560 ) (768 -1024 -560 ) (768 -1024 -544 ) (532 -1024 -544 ) 
4 26 52 (768 -1024 -560 ) (848 -1024 -560 ) (848 -1024 -544 ) (768 -1024 -544 ) 
4 26 51 (848 -1024 182.399979 ) (520 -1024 182.399979 ) (520 -1024 -544 ) (848 -1024 -544 ) 
4 26 58 (520 -1024 182.399979 ) (496 -1024 182.399979 ) (496 -1024 -560 ) (520 -1024 -560 ) 
4 26 50 (1024 -1024 -560 ) (1024 -1024 182.399979 ) (848 -1024 182.399979 ) (848 -1024 -560 ) 
4 26 48 (496 0 182.399979 ) (496 0 -560 ) (496 -1024 -560 ) (496 -1024 182.399979 ) 
4 26 27 (848 0 -560 ) (1024 0 -560 ) (1024 -1024 -560 ) (848 -1024 -560 ) 
4 26 28 (496 -1024 -560 ) (496 0 -560 ) (532 0 -560 ) (532 -1024 -560 ) 
4 27 50 (1024 -1024 -576 ) (1024 -1024 -560 ) (848 -1024 -560 ) (848 -1024 -576 ) 
4 27 29 (1024 -1024 -576 ) (848 -1024 -576 ) (848 0 -576 ) (1024 0 -576 ) 
4 28 54 (532 -1024 -560 ) (520 -1024 -560 ) (520 -1024 -576 ) (532 -1024 -576 ) 
4 28 58 (520 -1024 -560 ) (496 -1024 -560 ) (496 -1024 -576 ) (520 -1024 -576 ) 
4 28 48 (496 0 -560 ) (496 0 -576 ) (496 -1024 -576 ) (496 -1024 -560 ) 
4 28 30 (532 -1024 -576 ) (496 -1024 -576 ) (496 0 -576 ) (532 0 -576 ) 
4 29 60 (1024 -1024 -592 ) (1024 -1024 -576 ) (848 -1024 -576 ) (858.666626 -1024 -592 ) 
4 29 31 (858.666626 0 -592 ) (1024 0 -592 ) (1024 -1024 -592 ) (858.666626 -1024 -592 ) 
4 30 65 (828 -1024 -576 ) (496 -1024 -576 ) (496 -1024 -592 ) (828 -1024 -592 ) 
4 30 48 (496 0 -576 ) (496 0 -592 ) (496 -1024 -592 ) (496 -1024 -576 ) 
4 30 37 (496 -1024 -592 ) (496 0 -592 ) (828 0 -592 ) (828 -1024 -592 ) 
4 31 60 (1024 -1024 -672 ) (1024 -1024 -592 ) (858.666626 -1024 -592 ) (912 -1024 -672 ) 
4 31 33 (1024 -1024 -672 ) (928 -1024 -672 ) (928 0 -672 ) (1024 0 -672 ) 
4 32 59 (842.666626 -1024 -592 ) (828 -1024 -592 ) (828 -1024 -672 ) (896 -1024 -672 ) 
4 32 34 (896 -1024 -672 ) (828 -1024 -672 ) (828 0 -672 ) (896 0 -672 ) 
4 32 37 (828 -1024 -672 ) (828 -1024 -592 ) (828 0 -592 ) (828 0 -672 ) 
4 33 61 (1024 -1024 -800 ) (1024 -1024 -672 ) (928 -1024 -672 ) (928 -1024 -800 ) 
4 33 36 (928 0 -800 ) (1024 0 -800 ) (1024 -1024 -800 ) (928 -1024 -800 ) 
4 34 62 (896 -1024 -672 ) (828 -1024 -672 ) (828 -1024 -800 ) (896 -1024 -800 ) 
4 34 35 (828 -1024 -800 ) (828 0 -800 ) (896 0 -800 ) (896 -1024 -800 ) 
4 34 37 (828 -1024 -800 ) (828 -1024 -672 ) (828 0 -672 ) (828 0 -800 ) 
4 35 63 (896 -1024 -800 ) (828 -1024 -800 ) (828 -1024 -872 ) (843.636353 -1024 -872 ) 
4 35 37 (828 -1024 -872 ) (828 -1024 -800 ) (828 0 -800 ) (828 0 -872 ) 
4 36 64 (1024 -1024 -880 ) (1024 -1024 -800 ) (912 -1024 -800 ) (853.818237 -1024 -880 ) 
4 36 39 (853.818237 0 -880 ) (1024 0 -880 ) (1024 -1024 -880 ) (853.818237 -1024 -880 ) 
4 37 65 (828 -1024 -592 ) (496 -1024 -592 ) (496 -1024 -880 ) (828 -1024 -880 ) 
4 37 48 (496 0 -592 ) (496 0 -880 ) (496 -1024 -880 ) (496 -1024 -592 ) 
4 37 44 (496 -1024 -880 ) (496 0 -880 ) (504 0 -880 ) (504 -1024 -880 ) 
4 37 43 (568 -24 -880 ) (568 -232 -880 ) (552 -216 -880 ) (552 -40 -880 ) 
4 37 42 (568 -280 -880 ) (568 -488 -880 ) (552 -472 -880 ) (552 -296 -880 ) 
4 37 41 (568 -792 -880 ) (568 -1000 -880 ) (552 -984 -880 ) (552 -808 -880 ) 
4 37 40 (568 -536 -880 ) (568 -744 -880 ) (552 -728 -880 ) (552 -552 -880 ) 
4 37 38 (568 0 -880 ) (828 0 -880 ) (828 -1024 -880 ) (568 -1024 -880 ) 
4 38 72 (768 -1024 -880 ) (568 -1024 -880 ) (568 -1024 -888 ) (768 -1024 -888 ) 
4 38 70 (828 -1024 -880 ) (768 -1024 -880 ) (768 -1024 -888 ) (828 -1024 -888 ) 
4 38 43 (568 -24 -888 ) (568 -232 -888 ) (568 -232 -880 ) (568 -24 -880 ) 
4 38 42 (568 -280 -888 ) (568 -488 -888 ) (568 -488 -880 ) (568 -280 -880 ) 
4 38 41 (568 -792 -888 ) (568 -1000 -888 ) (568 -1000 -880 ) (568 -792 -880 ) 
4 38 40 (568 -536 -888 ) (568 -744 -888 ) (568 -744 -880 ) (568 -536 -880 ) 
4 39 71 (1024 -1024 -888 ) (1024 -1024 -880 ) (853.818176 -1024 -880 ) (848 -1024 -888 ) 
4 44 78 (504 -1024 -880 ) (496 -1024 -880 ) (496 -1024 -888 ) (504 -1024 -888 ) 
4 44 48 (496 0 -880 ) (496 0 -888 ) (496 -1024 -888 ) (496 -1024 -880 ) 
3 45 82 (1024 -1024 -1032 ) (1024 -1024 -986.823608 ) (985.600037 -1024 -1032 ) 
4 45 47 (985.600037 0 -1032 ) (1024 0 -1032 ) (1024 -1024 -1032 ) (985.600037 -1024 -1032 ) 
3 46 83 (496 -1024 -952 ) (496 -1024 -1032 ) (564 -1024 -1032 ) 
4 46 48 (496 0 -952 ) (496 0 -1032 ) (496 -1024 -1032 ) (496 -1024 -952 ) 
4 46 47 (496 -1024 -1032 ) (496 0 -1032 ) (564 0 -1032 ) (564 -1024 -1032 ) 
4 47 84 (1024 -1024 -1142.399902 ) (1024 -1024 -1032 ) (496 -1024 -1032 ) (496 -1024 -1142.399902 ) 
4 47 48 (496 0 -1032 ) (496 0 -1142.399902 ) (496 -1024 -1142.399902 ) (496 -1024 -1032 ) 
4 48 90 (496 -1024 -1142.399902 ) (496 -1024 182.399979 ) (0 -1024 182.399979 ) (0 -1024 -1142.399902 ) 
4 48 49 (0 -1024 -1142.399902 ) (0 -1024 182.399979 ) (0 0 182.399979 ) (0 0 -1142.399902 ) 
4 49 91 (0 -1024 -1142.399902 ) (0 -1024 182.399979 ) (-640 -1024 182.399979 ) (-640 -1024 -1142.399902 ) 
4 50 69 (1024 -1576 -576 ) (1024 -1805.540039 -576 ) (848 -1805.540039 -576 ) (848 -1576 -576 ) 
4 50 60 (848 -1024 -576 ) (1024 -1024 -576 ) (1024 -1576 -576 ) (848 -1576 -576 ) 
4 50 52 (848 -1576 -560 ) (848 -1576 -544 ) (848 -1024 -544 ) (848 -1024 -560 ) 
4 50 51 (848 -1576 -544 ) (848 -1576 182.399979 ) (848 -1024 182.399979 ) (848 -1024 -544 ) 
4 50 57 (848 -1576 -576 ) (848 -1805.540039 -576 ) (848 -1805.540039 182.399979 ) (848 -1576 182.399979 ) 
4 51 55 (768 -1576 -544 ) (532 -1576 -544 ) (532 -1568 -544 ) (768 -1568 -544 ) 
4 51 56 (532 -1576 -544 ) (520 -1576 -544 ) (520 -1568 -544 ) (532 -1568 -544 ) 
4 51 54 (520 -1544 -544 ) (520 -1024 -544 ) (532 -1024 -544 ) (532 -1544 -544 ) 
4 51 53 (532 -1024 -544 ) (768 -1024 -544 ) (768 -1544 -544 ) (532 -1544 -544 ) 
4 51 52 (848 -1576 -544 ) (768 -1576 -544 ) (768 -1024 -544 ) (848 -1024 -544 ) 
4 51 57 (520 -1576 182.399979 ) (520 -1576 -544 ) (848 -1576 -544 ) (848 -1576 182.399979 ) 
4 51 58 (520 -1576 -544 ) (520 -1576 182.399979 ) (520 -1024 182.399979 ) (520 -1024 -544 ) 
4 52 55 (768 -1576 -560 ) (768 -1576 -544 ) (768 -1568 -544 ) (768 -1568 -560 ) 
4 52 53 (768 -1544 -544 ) (768 -1024 -544 ) (768 -1024 -560 ) (768 -1544 -560 ) 
4 52 57 (848 -1576 -560 ) (848 -1576 -544 ) (768 -1576 -544 ) (768 -1576 -560 ) 
4 53 54 (532 -1544 -560 ) (532 -1544 -544 ) (532 -1024 -544 ) (532 -1024 -560 ) 
4 54 65 (520 -1024 -576 ) (532 -1024 -576 ) (532 -1544 -576 ) (520 -1544 -576 ) 
4 54 58 (520 -1024 -576 ) (520 -1544 -576 ) (520 -1544 -544 ) (520 -1024 -544 ) 
4 55 56 (532 -1568 -544 ) (532 -1568 -560 ) (532 -1576 -560 ) (532 -1576 -544 ) 
4 55 57 (768 -1576 -560 ) (768 -1576 -544 ) (532 -1576 -544 ) (532 -1576 -560 ) 
4 56 68 (532 -1576 -576 ) (520 -1576 -576 ) (520 -1568 -576 ) (532 -1568 -576 ) 
4 56 58 (520 -1568 -576 ) (520 -1576 -576 ) (520 -1576 -544 ) (520 -1568 -544 ) 
4 56 57 (520 -1576 -544 ) (520 -1576 -576 ) (532 -1576 -576 ) (532 -1576 -544 ) 
4 57 69 (848 -1576 -576 ) (848 -1805.540039 -576 ) (520 -1805.540039 -576 ) (520 -1576 -576 ) 
4 57 58 (520 -1576 -576 ) (520 -1805.540039 -576 ) (520 -1805.540039 182.399979 ) (520 -1576 182.399979 ) 
4 58 90 (496 -1024 182.399979 ) (496 -1024 -576 ) (496 -1805.540039 -576 ) (496 -1805.540039 182.399979 ) 
4 58 69 (496 -1805.540039 -576 ) (496 -1576 -576 ) (520 -1576 -576 ) (520 -1805.540039 -576 ) 
4 58 67 (496 -1568 -576 ) (496 -1544 -576 ) (520 -1544 -576 ) (520 -1568 -576 ) 
4 58 68 (496 -1576 -576 ) (496 -1568 -576 ) (520 -1568 -576 ) (520 -1576 -576 ) 
4 58 65 (496 -1544 -576 ) (496 -1024 -576 ) (520 -1024 -576 ) (520 -1544 -576 ) 
4 59 69 (828 -1576 -592 ) (828 -1576 -672 ) (896 -1576 -672 ) (842.666687 -1576 -592 ) 
4 59 66 (828 -1576 -672 ) (828 -1576 -592 ) (828 -1544 -592 ) (828 -1544 -672 ) 
4 59 65 (828 -1544 -592 ) (828 -1024 -592 ) (828 -1024 -672 ) (828 -1544 -672 ) 
4 59 62 (896 -1576 -672 ) (828 -1576 -672 ) (828 -1024 -672 ) (896 -1024 -672 ) 
4 60 69 (1024 -1576 -672 ) (1024 -1576 -576 ) (848 -1576 -576 ) (912 -1576 -672 ) 
4 60 61 (1024 -1576 -672 ) (928 -1576 -672 ) (928 -1024 -672 ) (1024 -1024 -672 ) 
4 61 69 (1024 -1576 -800 ) (1024 -1576 -672 ) (928 -1576 -672 ) (928 -1576 -800 ) 
4 61 64 (1024 -1576 -800 ) (928 -1576 -800 ) (928 -1024 -800 ) (1024 -1024 -800 ) 
4 62 69 (896 -1576 -672 ) (828 -1576 -672 ) (828 -1576 -800 ) (896 -1576 -800 ) 
4 62 66 (828 -1576 -800 ) (828 -1576 -672 ) (828 -1544 -672 ) (828 -1544 -800 ) 
4 62 65 (828 -1544 -672 ) (828 -1024 -672 ) (828 -1024 -800 ) (828 -1544 -800 ) 
4 62 63 (896 -1576 -800 ) (828 -1576 -800 ) (828 -1024 -800 ) (896 -1024 -800 ) 
4 63 69 (843.636353 -1576 -872 ) (896 -1576 -800 ) (828 -1576 -800 ) (828 -1576 -872 ) 
4 63 66 (828 -1576 -872 ) (828 -1576 -800 ) (828 -1544 -800 ) (828 -1544 -872 ) 
4 63 65 (828 -1544 -800 ) (828 -1024 -800 ) (828 -1024 -872 ) (828 -1544 -872 ) 
4 64 71 (853.818237 -1024 -880 ) (1024 -1024 -880 ) (1024 -1576 -880 ) (853.818237 -1576 -880 ) 
4 64 69 (853.818237 -1576 -880 ) (1024 -1576 -880 ) (1024 -1576 -800 ) (912 -1576 -800 ) 
4 65 90 (496 -1024 -576 ) (496 -1024 -880 ) (496 -1544 -880 ) (496 -1544 -576 ) 
4 65 77 (552 -1536 -880 ) (552 -1544 -880 ) (504 -1544 -880 ) (504 -1536 -880 ) 
4 65 78 (496 -1544 -880 ) (496 -1024 -880 ) (504 -1024 -880 ) (504 -1544 -880 ) 
4 65 75 (568 -1304 -880 ) (568 -1504 -880 ) (552 -1488 -880 ) (552 -1320 -880 ) 
4 65 74 (568 -1048 -880 ) (568 -1256 -880 ) (552 -1240 -880 ) (552 -1064 -880 ) 
4 65 72 (568 -1024 -880 ) (768 -1024 -880 ) (768 -1544 -880 ) (568 -1544 -880 ) 
4 65 70 (768 -1024 -880 ) (828 -1024 -880 ) (828 -1544 -880 ) (768 -1544 -880 ) 
4 65 67 (496 -1544 -880 ) (520 -1544 -880 ) (520 -1544 -576 ) (496 -1544 -576 ) 
4 65 66 (768 -1544 -880 ) (828 -1544 -880 ) (828 -1544 -576 ) (768 -1544 -576 ) 
4 66 70 (768 -1544 -880 ) (828 -1544 -880 ) (828 -1576 -880 ) (768 -1576 -880 ) 
4 66 69 (768 -1576 -880 ) (828 -1576 -880 ) (828 -1576 -576 ) (768 -1576 -576 ) 
4 66 68 (768 -1568 -880 ) (768 -1576 -880 ) (768 -1576 -576 ) (768 -1568 -576 ) 
4 67 90 (496 -1544 -880 ) (496 -1568 -880 ) (496 -1568 -576 ) (496 -1544 -576 ) 
4 67 80 (496 -1568 -880 ) (496 -1544 -880 ) (520 -1544 -880 ) (520 -1568 -880 ) 
4 67 68 (496 -1568 -880 ) (520 -1568 -880 ) (520 -1568 -576 ) (496 -1568 -576 ) 
4 68 90 (496 -1568 -880 ) (496 -1576 -880 ) (496 -1576 -576 ) (496 -1568 -576 ) 
4 68 79 (520 -1568 -880 ) (552 -1568 -880 ) (552 -1576 -880 ) (520 -1576 -880 ) 
4 68 80 (496 -1576 -880 ) (496 -1568 -880 ) (520 -1568 -880 ) (520 -1576 -880 ) 
4 68 76 (552 -1568 -880 ) (568 -1568 -880 ) (568 -1576 -880 ) (552 -1576 -880 ) 
4 68 73 (568 -1568 -880 ) (768 -1568 -880 ) (768 -1576 -880 ) (568 -1576 -880 ) 
4 68 69 (496 -1576 -880 ) (768 -1576 -880 ) (768 -1576 -576 ) (496 -1576 -576 ) 
4 69 90 (496 -1576 -880 ) (496 -1805.540039 -880 ) (496 -1805.540039 -576 ) (496 -1576 -576 ) 
4 69 81 (496 -1805.540039 -880 ) (496 -1576 -880 ) (1024 -1576 -880 ) (1024 -1805.540039 -880 ) 
4 70 86 (828 -1568 -888 ) (828 -1576 -888 ) (768 -1576 -888 ) (768 -1568 -888 ) 
4 70 85 (828 -1536 -888 ) (828 -1544 -888 ) (768 -1544 -888 ) (768 -1536 -888 ) 
4 70 81 (768 -1576 -888 ) (828 -1576 -888 ) (828 -1576 -880 ) (768 -1576 -880 ) 
4 70 72 (768 -1024 -888 ) (768 -1544 -888 ) (768 -1544 -880 ) (768 -1024 -880 ) 
4 70 73 (768 -1568 -888 ) (768 -1576 -888 ) (768 -1576 -880 ) (768 -1568 -880 ) 
4 71 86 (1024 -1568 -888 ) (1024 -1576 -888 ) (848 -1576 -888 ) (848 -1568 -888 ) 
4 71 85 (1024 -1536 -888 ) (1024 -1544 -888 ) (848 -1544 -888 ) (848 -1536 -888 ) 
4 71 81 (848 -1576 -888 ) (1024 -1576 -888 ) (1024 -1576 -880 ) (853.818237 -1576 -880 ) 
4 72 85 (768 -1536 -888 ) (768 -1544 -888 ) (568 -1544 -888 ) (568 -1536 -888 ) 
4 72 75 (568 -1304 -888 ) (568 -1504 -888 ) (568 -1504 -880 ) (568 -1304 -880 ) 
4 72 74 (568 -1048 -888 ) (568 -1256 -888 ) (568 -1256 -880 ) (568 -1048 -880 ) 
4 73 87 (768 -1568 -888 ) (768 -1576 -888 ) (568 -1576 -888 ) (568 -1568 -888 ) 
4 73 81 (568 -1576 -888 ) (768 -1576 -888 ) (768 -1576 -880 ) (568 -1576 -880 ) 
4 73 76 (568 -1568 -888 ) (568 -1576 -888 ) (568 -1576 -880 ) (568 -1568 -880 ) 
4 76 87 (568 -1568 -888 ) (568 -1576 -888 ) (552 -1576 -888 ) (552 -1568 -888 ) 
4 76 81 (552 -1576 -888 ) (568 -1576 -888 ) (568 -1576 -880 ) (552 -1576 -880 ) 
4 76 79 (552 -1568 -888 ) (552 -1576 -888 ) (552 -1576 -880 ) (552 -1568 -880 ) 
4 77 85 (552 -1536 -888 ) (552 -1544 -888 ) (504 -1544 -888 ) (504 -1536 -888 ) 
4 77 80 (504 -1544 -888 ) (520 -1544 -888 ) (520 -1544 -880 ) (504 -1544 -880 ) 
4 77 78 (504 -1536 -888 ) (504 -1544 -888 ) (504 -1544 -880 ) (504 -1536 -880 ) 
4 78 90 (496 -1024 -880 ) (496 -1024 -888 ) (496 -1544 -888 ) (496 -1544 -880 ) 
4 78 85 (496 -1544 -888 ) (496 -1536 -888 ) (504 -1536 -888 ) (504 -1544 -888 ) 
4 78 80 (496 -1544 -888 ) (504 -1544 -888 ) (504 -1544 -880 ) (496 -1544 -880 ) 
4 79 87 (552 -1568 -888 ) (552 -1576 -888 ) (520 -1576 -888 ) (520 -1568 -888 ) 
4 79 81 (520 -1576 -888 ) (552 -1576 -888 ) (552 -1576 -880 ) (520 -1576 -880 ) 
4 79 80 (520 -1568 -888 ) (520 -1576 -888 ) (520 -1576 -880 ) (520 -1568 -880 ) 
4 80 90 (496 -1544 -888 ) (496 -1576 -888 ) (496 -1576 -880 ) (496 -1544 -880 ) 
4 80 88 (496 -1576 -888 ) (496 -1544 -888 ) (520 -1544 -888 ) (520 -1576 -888 ) 
4 80 81 (496 -1576 -888 ) (520 -1576 -888 ) (520 -1576 -880 ) (496 -1576 -880 ) 
4 81 90 (496 -1576 -888 ) (496 -1805.540039 -888 ) (496 -1805.540039 -880 ) (496 -1576 -880 ) 
4 81 87 (520 -1576 -888 ) (768 -1576 -888 ) (768 -1805.540039 -888 ) (520 -1805.540039 -888 ) 
4 81 88 (496 -1805.540039 -888 ) (496 -1576 -888 ) (520 -1576 -888 ) (520 -1805.540039 -888 ) 
4 81 86 (768 -1576 -888 ) (1024 -1576 -888 ) (1024 -1805.540039 -888 ) (768 -1805.540039 -888 ) 
4 82 84 (1024 -1536 -1032 ) (985.600037 -1536 -1032 ) (985.600037 -1024 -1032 ) (1024 -1024 -1032 ) 
3 82 85 (1024 -1536 -1032 ) (1024 -1536 -986.823608 ) (985.600037 -1536 -1032 ) 
4 83 90 (496 -1024 -952 ) (496 -1024 -1032 ) (496 -1536 -1032 ) (496 -1536 -952 ) 
3 83 85 (496 -1536 -952 ) (496 -1536 -1032 ) (564 -1536 -1032 ) 
4 83 84 (564 -1536 -1032 ) (496 -1536 -1032 ) (496 -1024 -1032 ) (564 -1024 -1032 ) 
4 84 90 (496 -1024 -1032 ) (496 -1024 -1142.399902 ) (496 -1536 -1142.399902 ) (496 -1536 -1032 ) 
4 84 85 (496 -1536 -1142.399902 ) (1024 -1536 -1142.399902 ) (1024 -1536 -1032 ) (496 -1536 -1032 ) 
4 85 90 (496 -1536 -1142.399902 ) (496 -1544 -1142.399902 ) (496 -1544 -888 ) (496 -1536 -888 ) 
4 85 89 (1024 -1544 -1142.399902 ) (1024 -1544 -1024 ) (496 -1544 -1024 ) (496 -1544 -1142.399902 ) 
4 85 88 (520 -1544 -888 ) (496 -1544 -888 ) (496 -1544 -1024 ) (520 -1544 -1024 ) 
4 86 89 (1024 -1805.540039 -1024 ) (768 -1805.540039 -1024 ) (768 -1568 -1024 ) (1024 -1568 -1024 ) 
4 86 87 (768 -1568 -1024 ) (768 -1805.540039 -1024 ) (768 -1805.540039 -888 ) (768 -1568 -888 ) 
4 87 89 (768 -1805.540039 -1024 ) (520 -1805.540039 -1024 ) (520 -1568 -1024 ) (768 -1568 -1024 ) 
4 87 88 (520 -1568 -1024 ) (520 -1805.540039 -1024 ) (520 -1805.540039 -888 ) (520 -1568 -888 ) 
4 88 90 (496 -1805.540039 -1024 ) (496 -1805.540039 -888 ) (496 -1544 -888 ) (496 -1544 -1024 ) 
4 88 89 (520 -1805.540039 -1024 ) (496 -1805.540039 -1024 ) (496 -1544 -1024 ) (520 -1544 -1024 ) 
4 89 90 (496 -1805.540039 -1142.399902 ) (496 -1805.540039 -1024 ) (496 -1544 -1024 ) (496 -1544 -1142.399902 ) 
4 90 91 (0 -1024 182.399979 ) (0 -1024 -1142.399902 ) (0 -1805.540039 -1142.399902 ) (0 -1805.540039 182.399979 ) 
