PRT1
45
121
4 0 30 (1536 0 -512 ) (1536 0 1024 ) (1024 0 1024 ) (1024 0 -512 ) 
4 0 14 (1024 0 -512 ) (1024 0 -32 ) (1024 1024 -32 ) (1024 1024 -512 ) 
4 0 10 (1024 0 -32 ) (1024 0 0 ) (1024 1024 0 ) (1024 1024 -32 ) 
4 0 4 (1024 0 0 ) (1024 0 1024 ) (1024 256 1024 ) (1024 256 0 ) 
4 0 2 (1024 1024 160 ) (1024 1024 0 ) (1024 256 0 ) (1024 256 160 ) 
4 0 1 (1024 256 1024 ) (1024 1024 1024 ) (1024 1024 160 ) (1024 256 160 ) 
4 1 15 (0 1024 1024 ) (0 1024 160 ) (0 256 160 ) (0 256 1024 ) 
4 1 7 (0 256 1024 ) (0 256 252 ) (220 256 252 ) (220 256 1024 ) 
4 1 5 (256 256 160 ) (288 256 160 ) (288 256 1024 ) (256 256 1024 ) 
4 1 4 (288 256 160 ) (1024 256 160 ) (1024 256 1024 ) (288 256 1024 ) 
4 1 6 (220 256 160 ) (256 256 160 ) (256 256 1024 ) (220 256 1024 ) 
4 1 3 (0 288 160 ) (0 1024 160 ) (288 1024 160 ) (288 288 160 ) 
4 1 2 (1024 256 160 ) (288 256 160 ) (288 1024 160 ) (1024 1024 160 ) 
4 2 10 (288 1024 0 ) (1024 1024 0 ) (1024 256 0 ) (288 256 0 ) 
4 2 4 (288 256 0 ) (1024 256 0 ) (1024 256 160 ) (288 256 160 ) 
4 2 3 (288 1024 0 ) (288 288 0 ) (288 288 160 ) (288 1024 160 ) 
4 3 16 (0 1024 160 ) (0 1024 0 ) (0 288 0 ) (0 288 160 ) 
4 3 12 (0 1024 0 ) (192 1024 0 ) (192 288 0 ) (0 288 0 ) 
4 3 11 (192 1024 0 ) (256 1024 0 ) (256 288 0 ) (192 288 0 ) 
4 3 10 (256 1024 0 ) (288 1024 0 ) (288 288 0 ) (256 288 0 ) 
4 4 31 (1024 0 0 ) (1024 0 1024 ) (288 0 1024 ) (288 0 0 ) 
4 4 10 (1024 256 0 ) (1024 0 0 ) (288 0 0 ) (288 256 0 ) 
4 4 5 (288 0 1024 ) (288 256 1024 ) (288 256 160 ) (288 0 160 ) 
4 5 32 (288 0 1024 ) (256 0 1024 ) (256 0 160 ) (288 0 160 ) 
4 5 6 (256 0 1024 ) (256 256 1024 ) (256 256 160 ) (256 0 160 ) 
4 6 34 (256 0 1024 ) (220 0 1024 ) (220 0 0 ) (256 0 0 ) 
4 6 7 (220 248 1024 ) (220 256 1024 ) (220 256 252 ) (220 248 252 ) 
4 6 8 (220 256 32 ) (220 256 0 ) (220 248 0 ) (220 248 32 ) 
4 6 9 (220 0 1024 ) (220 248 1024 ) (220 248 0 ) (220 0 0 ) 
4 7 18 (0 248 1024 ) (0 256 1024 ) (0 256 252 ) (0 248 252 ) 
4 7 9 (220 248 252 ) (220 248 1024 ) (0 248 1024 ) (0 248 252 ) 
4 8 19 (0 256 32 ) (0 256 0 ) (0 248 0 ) (0 248 32 ) 
4 8 9 (0 248 0 ) (220 248 0 ) (220 248 32 ) (0 248 32 ) 
4 9 34 (220 0 1024 ) (0 0 1024 ) (0 0 0 ) (220 0 0 ) 
4 9 23 (0 0 0 ) (0 0 1024 ) (0 248 1024 ) (0 248 0 ) 
4 9 13 (192 0 0 ) (0 0 0 ) (0 192 0 ) (192 192 0 ) 
4 10 35 (1024 0 -32 ) (1024 0 0 ) (256 0 0 ) (256 0 -32 ) 
4 10 14 (1024 0 -32 ) (256 0 -32 ) (256 1024 -32 ) (1024 1024 -32 ) 
4 10 11 (256 1024 -32 ) (256 256 -32 ) (256 256 0 ) (256 1024 0 ) 
4 11 14 (192 256 -32 ) (192 1024 -32 ) (256 1024 -32 ) (256 256 -32 ) 
4 11 12 (192 1024 -32 ) (192 256 -32 ) (192 256 0 ) (192 1024 0 ) 
4 12 24 (0 256 0 ) (0 1024 0 ) (0 1024 -32 ) (0 256 -32 ) 
4 12 14 (0 256 -32 ) (0 1024 -32 ) (192 1024 -32 ) (192 256 -32 ) 
4 13 37 (192 0 0 ) (0 0 0 ) (0 0 -8 ) (192 0 -8 ) 
4 13 26 (0 0 -8 ) (0 0 0 ) (0 192 0 ) (0 192 -8 ) 
4 14 39 (1024 0 -512 ) (1024 0 -32 ) (0 0 -32 ) (0 0 -512 ) 
4 14 28 (0 0 -512 ) (0 0 -32 ) (0 1024 -32 ) (0 1024 -512 ) 
4 15 29 (-1024 1024 1024 ) (-1024 1024 160 ) (-1024 256 160 ) (-1024 256 1024 ) 
4 15 21 (-96 256 1024 ) (-160 256 1024 ) (-160 256 208 ) (-96 256 208 ) 
4 15 22 (-160 256 1024 ) (-1024 256 1024 ) (-1024 256 160 ) (-160 256 160 ) 
4 15 18 (0 256 252 ) (0 256 1024 ) (-80 256 1024 ) (-80 256 252 ) 
4 15 20 (-80 256 1024 ) (-96 256 1024 ) (-96 256 160 ) (-80 256 160 ) 
4 15 16 (-224 288 160 ) (-224 1024 160 ) (0 1024 160 ) (0 288 160 ) 
4 15 17 (-224 256 160 ) (-1024 256 160 ) (-1024 1024 160 ) (-224 1024 160 ) 
4 16 24 (-192 1024 0 ) (0 1024 0 ) (0 288 0 ) (-192 288 0 ) 
4 16 25 (-224 1024 0 ) (-192 1024 0 ) (-192 288 0 ) (-224 288 0 ) 
4 16 17 (-224 1024 0 ) (-224 288 0 ) (-224 288 160 ) (-224 1024 160 ) 
4 17 29 (-1024 1024 160 ) (-1024 1024 0 ) (-1024 256 0 ) (-1024 256 160 ) 
4 17 25 (-1024 256 0 ) (-1024 1024 0 ) (-224 1024 0 ) (-224 256 0 ) 
4 17 22 (-1024 256 0 ) (-224 256 0 ) (-224 256 160 ) (-1024 256 160 ) 
4 18 23 (0 248 252 ) (0 248 1024 ) (-80 248 1024 ) (-80 248 252 ) 
4 18 20 (-80 248 252 ) (-80 248 1024 ) (-80 256 1024 ) (-80 256 252 ) 
4 19 20 (-80 248 0 ) (-80 248 32 ) (-80 256 32 ) (-80 256 0 ) 
4 19 23 (-80 248 0 ) (0 248 0 ) (0 248 32 ) (-80 248 32 ) 
4 20 21 (-96 248 208 ) (-96 248 1024 ) (-96 256 1024 ) (-96 256 208 ) 
4 20 23 (-96 248 0 ) (-80 248 0 ) (-80 248 1024 ) (-96 248 1024 ) 
4 21 22 (-160 248 208 ) (-160 248 1024 ) (-160 256 1024 ) (-160 256 208 ) 
4 21 23 (-96 248 208 ) (-96 248 1024 ) (-160 248 1024 ) (-160 248 208 ) 
4 22 29 (-1024 248 1024 ) (-1024 256 1024 ) (-1024 256 0 ) (-1024 248 0 ) 
4 22 25 (-1024 248 0 ) (-1024 256 0 ) (-192 256 0 ) (-192 248 0 ) 
4 22 23 (-1024 248 0 ) (-160 248 0 ) (-160 248 1024 ) (-1024 248 1024 ) 
4 23 40 (0 0 0 ) (0 0 1024 ) (-192 0 1024 ) (-192 0 0 ) 
4 23 42 (-192 0 1024 ) (-1024 0 1024 ) (-1024 0 0 ) (-192 0 0 ) 
4 23 29 (-1024 0 0 ) (-1024 0 1024 ) (-1024 248 1024 ) (-1024 248 0 ) 
4 23 26 (0 0 0 ) (-192 0 0 ) (-192 192 0 ) (0 192 0 ) 
4 23 27 (-192 0 0 ) (-1024 0 0 ) (-1024 192 0 ) (-192 192 0 ) 
4 23 25 (-1024 192 0 ) (-1024 248 0 ) (-192 248 0 ) (-192 192 0 ) 
4 24 28 (-192 1024 -32 ) (0 1024 -32 ) (0 256 -32 ) (-192 256 -32 ) 
4 24 25 (-192 1024 -32 ) (-192 256 -32 ) (-192 256 0 ) (-192 1024 0 ) 
4 25 29 (-1024 192 0 ) (-1024 1024 0 ) (-1024 1024 -32 ) (-1024 192 -32 ) 
4 25 28 (-1024 1024 -32 ) (-192 1024 -32 ) (-192 192 -32 ) (-1024 192 -32 ) 
4 25 27 (-1024 192 -32 ) (-192 192 -32 ) (-192 192 0 ) (-1024 192 0 ) 
4 26 40 (0 0 -8 ) (0 0 0 ) (-192 0 0 ) (-192 0 -8 ) 
4 26 27 (-192 192 0 ) (-192 192 -8 ) (-192 0 -8 ) (-192 0 0 ) 
4 27 42 (-192 0 0 ) (-1024 0 0 ) (-1024 0 -32 ) (-192 0 -32 ) 
4 27 29 (-1024 0 -32 ) (-1024 0 0 ) (-1024 192 0 ) (-1024 192 -32 ) 
4 27 28 (-192 0 -32 ) (-1024 0 -32 ) (-1024 192 -32 ) (-192 192 -32 ) 
4 28 43 (0 0 -512 ) (0 0 -32 ) (-1024 0 -32 ) (-1024 0 -512 ) 
4 28 29 (-1024 0 -512 ) (-1024 0 -32 ) (-1024 1024 -32 ) (-1024 1024 -512 ) 
4 29 44 (-1024 0 -512 ) (-1024 0 1024 ) (-1536 0 1024 ) (-1536 0 -512 ) 
4 30 39 (1024 -1024 -512 ) (1024 -1024 -32 ) (1024 0 -32 ) (1024 0 -512 ) 
4 30 35 (1024 -1024 -32 ) (1024 -1024 0 ) (1024 0 0 ) (1024 0 -32 ) 
4 30 31 (1024 -1024 0 ) (1024 -1024 1024 ) (1024 0 1024 ) (1024 0 0 ) 
4 31 35 (288 0 0 ) (1024 0 0 ) (1024 -1024 0 ) (288 -1024 0 ) 
4 31 32 (288 -256 160 ) (288 -256 1024 ) (288 0 1024 ) (288 0 160 ) 
4 31 33 (288 -256 0 ) (288 -1024 0 ) (288 -1024 1024 ) (288 -256 1024 ) 
4 32 33 (256 -256 1024 ) (256 -256 160 ) (288 -256 160 ) (288 -256 1024 ) 
4 32 34 (256 -256 160 ) (256 -256 1024 ) (256 0 1024 ) (256 0 160 ) 
4 33 35 (288 -256 0 ) (288 -1024 0 ) (256 -1024 0 ) (256 -256 0 ) 
4 33 34 (256 -256 0 ) (256 -1024 0 ) (256 -1024 1024 ) (256 -256 1024 ) 
4 34 40 (0 0 1024 ) (0 0 0 ) (0 -192 0 ) (0 -192 1024 ) 
4 34 41 (0 -192 0 ) (0 -1024 0 ) (0 -1024 1024 ) (0 -192 1024 ) 
4 34 37 (0 -192 0 ) (0 0 0 ) (192 0 0 ) (192 -192 0 ) 
4 34 38 (0 -1024 0 ) (0 -192 0 ) (192 -192 0 ) (192 -1024 0 ) 
4 34 36 (256 -192 0 ) (256 -1024 0 ) (192 -1024 0 ) (192 -192 0 ) 
4 35 39 (1024 -1024 -32 ) (256 -1024 -32 ) (256 0 -32 ) (1024 0 -32 ) 
4 35 36 (256 -192 -32 ) (256 -1024 -32 ) (256 -1024 0 ) (256 -192 0 ) 
4 36 39 (256 -1024 -32 ) (192 -1024 -32 ) (192 -192 -32 ) (256 -192 -32 ) 
4 36 38 (192 -192 -32 ) (192 -1024 -32 ) (192 -1024 0 ) (192 -192 0 ) 
4 37 40 (0 0 0 ) (0 0 -8 ) (0 -192 -8 ) (0 -192 0 ) 
4 37 38 (192 -192 -8 ) (192 -192 0 ) (0 -192 0 ) (0 -192 -8 ) 
4 38 41 (0 -192 -32 ) (0 -1024 -32 ) (0 -1024 0 ) (0 -192 0 ) 
4 38 39 (192 -1024 -32 ) (0 -1024 -32 ) (0 -192 -32 ) (192 -192 -32 ) 
4 39 43 (0 0 -32 ) (0 0 -512 ) (0 -1024 -512 ) (0 -1024 -32 ) 
4 40 41 (-192 -192 1024 ) (-192 -192 -8 ) (0 -192 -8 ) (0 -192 1024 ) 
4 40 42 (-192 -192 -8 ) (-192 -192 1024 ) (-192 0 1024 ) (-192 0 -8 ) 
4 41 43 (0 -192 -32 ) (0 -1024 -32 ) (-192 -1024 -32 ) (-192 -192 -32 ) 
4 41 42 (-192 -192 -32 ) (-192 -1024 -32 ) (-192 -1024 1024 ) (-192 -192 1024 ) 
4 42 44 (-1024 0 1024 ) (-1024 0 -32 ) (-1024 -1024 -32 ) (-1024 -1024 1024 ) 
4 42 43 (-1024 -1024 -32 ) (-1024 0 -32 ) (-192 0 -32 ) (-192 -1024 -32 ) 
4 43 44 (-1024 0 -32 ) (-1024 0 -512 ) (-1024 -1024 -512 ) (-1024 -1024 -32 ) 
