PRT1
84
277
4 0 21 (1024 0 -1142.399902 ) (1024 0 -888 ) (1024 173.537994 -888 ) (1024 173.537994 -1142.399902 ) 
4 0 16 (1024 0 -888 ) (1024 0 -768 ) (1024 24 -768 ) (1024 24 -888 ) 
4 0 15 (1024 24 -768 ) (1024 173.537994 -768 ) (1024 173.537994 -888 ) (1024 24 -888 ) 
4 0 12 (1024 0 -768 ) (1024 0 -640 ) (1024 173.537994 -640 ) (1024 173.537994 -768 ) 
4 0 11 (1024 0 -640 ) (1024 0 -544 ) (1024 24 -544 ) (1024 24 -640 ) 
4 0 10 (1024 0 -544 ) (1024 0 182.399979 ) (1024 24 182.399979 ) (1024 24 -544 ) 
4 0 8 (1024 24 182.399979 ) (1024 173.537994 182.399979 ) (1024 173.537994 -640 ) (1024 24 -640 ) 
4 0 3 (1024 0 -986.823547 ) (1024 0 -1142.399902 ) (1040 0 -1142.399902 ) (1040 0 -968 ) 
4 0 2 (1040 0 182.399979 ) (1024 0 182.399979 ) (1024 0 -888 ) (1040 0 -888 ) 
4 0 1 (1312 0 182.399979 ) (1040 0 182.399979 ) (1040 0 -1142.399902 ) (1312 0 -1142.399902 ) 
4 1 4 (1040 -1024 -1142.399902 ) (1312 -1024 -1142.399902 ) (1312 -1024 182.399979 ) (1040 -1024 182.399979 ) 
4 1 3 (1040 0 -1142.399902 ) (1040 -1024 -1142.399902 ) (1040 -1024 -968 ) (1040 0 -968 ) 
4 1 2 (1040 -1024 -888 ) (1040 -1024 182.399979 ) (1040 0 182.399979 ) (1040 0 -888 ) 
4 2 30 (1024 -1024 -888 ) (1024 -1024 -880 ) (1024 0 -880 ) (1024 0 -888 ) 
4 2 29 (1024 -1024 -880 ) (1024 -1024 -768 ) (1024 0 -768 ) (1024 0 -880 ) 
4 2 26 (1024 -1024 -768 ) (1024 -1024 -640 ) (1024 0 -640 ) (1024 0 -768 ) 
4 2 25 (1024 -1024 -640 ) (1024 -1024 -544 ) (1024 0 -544 ) (1024 0 -640 ) 
4 2 23 (1024 -1024 -544 ) (1024 -1024 182.399979 ) (1024 0 182.399979 ) (1024 0 -544 ) 
4 2 5 (1024 -1024 182.399979 ) (1024 -1024 -888 ) (1040 -1024 -888 ) (1040 -1024 182.399979 ) 
4 3 40 (1024 -1024 -1142.399902 ) (1024 -1024 -1032 ) (1024 0 -1032 ) (1024 0 -1142.399902 ) 
4 3 37 (1024 -1024 -1032 ) (1024 -1024 -986.823547 ) (1024 0 -986.823547 ) (1024 0 -1032 ) 
4 3 6 (1024 -1024 -986.823547 ) (1024 -1024 -1142.399902 ) (1040 -1024 -1142.399902 ) (1040 -1024 -968 ) 
4 4 6 (1040 -1024 -1142.399902 ) (1040 -1536 -1142.399902 ) (1040 -1536 -968 ) (1040 -1024 -968 ) 
4 4 5 (1040 -1536 -888 ) (1040 -1536 182.399979 ) (1040 -1024 182.399979 ) (1040 -1024 -888 ) 
4 4 7 (1040 -1536 -1142.399902 ) (1040 -1805.540039 -1142.399902 ) (1040 -1805.540039 182.399979 ) (1040 -1536 182.399979 ) 
4 5 62 (1024 -1024 -880 ) (1024 -1024 -888 ) (1024 -1536 -888 ) (1024 -1536 -880 ) 
4 5 56 (1024 -1024 -768 ) (1024 -1024 -880 ) (1024 -1536 -880 ) (1024 -1536 -768 ) 
4 5 50 (1024 -1024 -640 ) (1024 -1024 -768 ) (1024 -1536 -768 ) (1024 -1536 -640 ) 
4 5 44 (1024 -1024 -544 ) (1024 -1024 -640 ) (1024 -1536 -640 ) (1024 -1536 -544 ) 
4 5 42 (1024 -1536 182.399979 ) (1024 -1024 182.399979 ) (1024 -1024 -544 ) (1024 -1536 -544 ) 
4 5 7 (1040 -1536 -888 ) (1040 -1536 182.399979 ) (1024 -1536 182.399979 ) (1024 -1536 -888 ) 
4 6 77 (1024 -1024 -1032 ) (1024 -1024 -1142.399902 ) (1024 -1536 -1142.399902 ) (1024 -1536 -1032 ) 
4 6 74 (1024 -1024 -986.823547 ) (1024 -1024 -1032 ) (1024 -1536 -1032 ) (1024 -1536 -986.823547 ) 
4 6 7 (1024 -1536 -1142.399902 ) (1040 -1536 -1142.399902 ) (1040 -1536 -968 ) (1024 -1536 -986.823547 ) 
4 7 81 (1024 -1805.540039 -1142.399902 ) (1024 -1805.540039 -1024 ) (1024 -1544 -1024 ) (1024 -1544 -1142.399902 ) 
4 7 78 (1024 -1805.540039 -1024 ) (1024 -1805.540039 -888 ) (1024 -1568 -888 ) (1024 -1568 -1024 ) 
4 7 77 (1024 -1536 -1032 ) (1024 -1536 -1142.399902 ) (1024 -1544 -1142.399902 ) (1024 -1544 -1032 ) 
4 7 76 (1024 -1544 -888 ) (1024 -1536 -888 ) (1024 -1536 -1032 ) (1024 -1544 -1032 ) 
4 7 69 (1024 -1805.540039 -888 ) (1024 -1805.540039 -880 ) (1024 -1576 -880 ) (1024 -1576 -888 ) 
4 7 62 (1024 -1576 -880 ) (1024 -1536 -880 ) (1024 -1536 -888 ) (1024 -1576 -888 ) 
4 7 56 (1024 -1576 -768 ) (1024 -1536 -768 ) (1024 -1536 -880 ) (1024 -1576 -880 ) 
4 7 58 (1024 -1805.540039 -880 ) (1024 -1805.540039 -768 ) (1024 -1576 -768 ) (1024 -1576 -880 ) 
4 7 50 (1024 -1805.540039 -768 ) (1024 -1805.540039 -640 ) (1024 -1536 -640 ) (1024 -1536 -768 ) 
4 7 44 (1024 -1576 -544 ) (1024 -1536 -544 ) (1024 -1536 -640 ) (1024 -1576 -640 ) 
4 7 45 (1024 -1805.540039 -640 ) (1024 -1805.540039 -544 ) (1024 -1576 -544 ) (1024 -1576 -640 ) 
4 7 42 (1024 -1805.540039 -544 ) (1024 -1805.540039 182.399979 ) (1024 -1536 182.399979 ) (1024 -1536 -544 ) 
4 8 22 (0 24 182.399979 ) (0 173.537994 182.399979 ) (0 173.537994 -640 ) (0 24 -640 ) 
4 8 13 (896 173.537994 -640 ) (928 173.537994 -640 ) (928 24 -640 ) (896 24 -640 ) 
4 8 12 (928 173.537994 -640 ) (1024 173.537994 -640 ) (1024 24 -640 ) (928 24 -640 ) 
4 8 14 (552 173.537994 -640 ) (896 173.537994 -640 ) (896 24 -640 ) (552 24 -640 ) 
4 8 20 (0 24 -640 ) (0 173.537994 -640 ) (552 173.537994 -640 ) (552 24 -640 ) 
4 8 11 (912 24 -640 ) (1024 24 -640 ) (1024 24 -544 ) (848 24 -544 ) 
4 8 10 (1024 24 -544 ) (1024 24 182.399979 ) (347.733398 24 182.399979 ) (832 24 -544 ) 
4 8 9 (0 24 -640 ) (896 24 -640 ) (347.733398 24 182.399979 ) (0 24 182.399979 ) 
4 9 24 (0 0 -544 ) (0 0 -640 ) (896 0 -640 ) (832 0 -544 ) 
4 9 23 (347.733398 0 182.399979 ) (0 0 182.399979 ) (0 0 -544 ) (832 0 -544 ) 
4 9 22 (0 0 -640 ) (0 0 182.399979 ) (0 24 182.399979 ) (0 24 -640 ) 
4 9 14 (552 24 -640 ) (896 24 -640 ) (896 0 -640 ) (552 0 -640 ) 
4 9 20 (0 0 -640 ) (0 24 -640 ) (552 24 -640 ) (552 0 -640 ) 
4 9 10 (832.001831 24 -544 ) (347.734375 24 182.399979 ) (347.734375 0 182.399979 ) (832.001831 0 -544 ) 
4 10 23 (1024 0 -544 ) (1024 0 182.399979 ) (347.733398 0 182.399979 ) (832 0 -544 ) 
4 10 11 (1024 0 -544 ) (848 0 -544 ) (848 24 -544 ) (1024 24 -544 ) 
4 11 25 (1024 0 -640 ) (1024 0 -544 ) (848 0 -544 ) (912 0 -640 ) 
4 11 12 (928 24 -640 ) (1024 24 -640 ) (1024 0 -640 ) (928 0 -640 ) 
4 12 26 (1024 0 -768 ) (1024 0 -640 ) (928 0 -640 ) (928 0 -768 ) 
4 12 16 (1024 24 -768 ) (1024 0 -768 ) (928 0 -768 ) (928 24 -768 ) 
4 12 15 (928 173.537994 -768 ) (1024 173.537994 -768 ) (1024 24 -768 ) (928 24 -768 ) 
4 12 13 (928 173.537994 -640 ) (928 173.537994 -768 ) (928 24 -768 ) (928 24 -640 ) 
4 13 15 (896 173.537994 -768 ) (928 173.537994 -768 ) (928 24 -768 ) (896 24 -768 ) 
4 13 14 (896 173.537994 -640 ) (896 173.537994 -768 ) (896 24 -768 ) (896 24 -640 ) 
4 14 27 (896 0 -640 ) (552 0 -640 ) (552 0 -768 ) (896 0 -768 ) 
4 14 18 (552 0 -768 ) (552 173.537994 -768 ) (568 173.537994 -768 ) (568 0 -768 ) 
4 14 17 (896 24 -768 ) (896 0 -768 ) (568 0 -768 ) (568 24 -768 ) 
4 14 15 (568 173.537994 -768 ) (896 173.537994 -768 ) (896 24 -768 ) (568 24 -768 ) 
4 14 20 (552 173.537994 -640 ) (552 173.537994 -768 ) (552 0 -768 ) (552 0 -640 ) 
4 15 21 (568 173.537994 -888 ) (1024 173.537994 -888 ) (1024 24 -888 ) (568 24 -888 ) 
4 15 19 (568 173.537994 -888 ) (568 24 -888 ) (568 24 -880 ) (568 173.537994 -880 ) 
4 15 18 (568 24 -880 ) (568 24 -768 ) (568 173.537994 -768 ) (568 173.537994 -880 ) 
4 15 17 (568 24 -768 ) (568 24 -888 ) (832 24 -888 ) (896 24 -768 ) 
4 15 16 (848 24 -888 ) (1024 24 -888 ) (1024 24 -768 ) (912 24 -768 ) 
4 16 30 (1024 0 -888 ) (1024 0 -880 ) (852.266663 0 -880 ) (848 0 -888 ) 
4 16 29 (1024 0 -880 ) (1024 0 -768 ) (912 0 -768 ) (852.266663 0 -880 ) 
4 16 21 (1024 24 -888 ) (1024 0 -888 ) (848 0 -888 ) (848 24 -888 ) 
4 17 31 (568 0 -880 ) (568 0 -888 ) (832 0 -888 ) (836.266785 0 -880 ) 
4 17 28 (896 0 -768 ) (568 0 -768 ) (568 0 -880 ) (836.266785 0 -880 ) 
4 17 21 (832 0 -888 ) (568 0 -888 ) (568 24 -888 ) (832 24 -888 ) 
4 17 18 (568 0 -880 ) (568 0 -768 ) (568 24 -768 ) (568 24 -880 ) 
4 18 28 (568 0 -768 ) (552 0 -768 ) (552 0 -880 ) (568 0 -880 ) 
4 18 19 (552 40 -880 ) (552 173.537994 -880 ) (568 173.537994 -880 ) (568 24 -880 ) 
4 18 20 (552 173.537994 -768 ) (552 173.537994 -880 ) (552 0 -880 ) (552 0 -768 ) 
4 19 21 (552 173.537994 -888 ) (568 173.537994 -888 ) (568 24 -888 ) (552 40 -888 ) 
4 19 20 (552 173.537994 -880 ) (552 173.537994 -888 ) (552 40 -888 ) (552 40 -880 ) 
4 20 36 (0 0 -880 ) (0 0 -888 ) (504 0 -888 ) (504 0 -880 ) 
4 20 28 (0 0 -768 ) (0 0 -880 ) (552 0 -880 ) (552 0 -768 ) 
4 20 27 (552 0 -640 ) (0 0 -640 ) (0 0 -768 ) (552 0 -768 ) 
4 20 22 (0 0 -888 ) (0 0 -640 ) (0 173.537994 -640 ) (0 173.537994 -888 ) 
4 20 21 (0 0 -888 ) (0 173.537994 -888 ) (552 173.537994 -888 ) (552 0 -888 ) 
4 21 40 (1024 0 -1142.399902 ) (1024 0 -1032 ) (0 0 -1032 ) (0 0 -1142.399902 ) 
3 21 38 (496 0 -952 ) (496 0 -1032 ) (564 0 -1032 ) 
3 21 37 (1024 0 -1032 ) (1024 0 -986.823608 ) (985.600037 0 -1032 ) 
4 21 39 (496 0 -888 ) (0 0 -888 ) (0 0 -1032 ) (496 0 -1032 ) 
4 21 22 (0 0 -1142.399902 ) (0 0 -888 ) (0 173.537994 -888 ) (0 173.537994 -1142.399902 ) 
4 22 41 (0 0 -1142.399902 ) (0 0 182.399979 ) (-640 0 182.399979 ) (-640 0 -1142.399902 ) 
4 23 46 (768 -1024 182.399979 ) (0 -1024 182.399979 ) (0 -1024 -544 ) (768 -1024 -544 ) 
4 23 42 (1024 -1024 -544 ) (1024 -1024 182.399979 ) (768 -1024 182.399979 ) (768 -1024 -544 ) 
4 23 41 (0 -1024 -544 ) (0 -1024 182.399979 ) (0 0 182.399979 ) (0 0 -544 ) 
4 23 25 (848 0 -544 ) (1024 0 -544 ) (1024 -1024 -544 ) (848 -1024 -544 ) 
4 23 24 (0 -1024 -544 ) (0 0 -544 ) (832 0 -544 ) (832 -1024 -544 ) 
4 24 47 (768 -1024 -544 ) (0 -1024 -544 ) (0 -1024 -640 ) (768 -1024 -640 ) 
4 24 43 (832 -1024 -544 ) (768 -1024 -544 ) (768 -1024 -640 ) (896 -1024 -640 ) 
4 24 41 (0 -1024 -640 ) (0 -1024 -544 ) (0 0 -544 ) (0 0 -640 ) 
4 24 27 (896 -1024 -640 ) (0 -1024 -640 ) (0 0 -640 ) (896 0 -640 ) 
4 25 44 (1024 -1024 -640 ) (1024 -1024 -544 ) (848 -1024 -544 ) (912 -1024 -640 ) 
4 25 26 (1024 -1024 -640 ) (928 -1024 -640 ) (928 0 -640 ) (1024 0 -640 ) 
4 26 50 (1024 -1024 -768 ) (1024 -1024 -640 ) (928 -1024 -640 ) (928 -1024 -768 ) 
4 26 29 (1024 -1024 -768 ) (928 -1024 -768 ) (928 0 -768 ) (1024 0 -768 ) 
4 27 82 (496 -1024 -640 ) (0 -1024 -640 ) (0 -1024 -768 ) (496 -1024 -768 ) 
4 27 52 (896 -1024 -640 ) (496 -1024 -640 ) (496 -1024 -768 ) (896 -1024 -768 ) 
4 27 41 (0 -1024 -768 ) (0 -1024 -640 ) (0 0 -640 ) (0 0 -768 ) 
4 27 28 (896 -1024 -768 ) (0 -1024 -768 ) (0 0 -768 ) (896 0 -768 ) 
4 28 82 (496 -1024 -768 ) (0 -1024 -768 ) (0 -1024 -880 ) (496 -1024 -880 ) 
4 28 59 (768 -1024 -768 ) (496 -1024 -768 ) (496 -1024 -880 ) (768 -1024 -880 ) 
4 28 57 (896 -1024 -768 ) (768 -1024 -768 ) (768 -1024 -880 ) (836.266724 -1024 -880 ) 
4 28 41 (0 -1024 -880 ) (0 -1024 -768 ) (0 0 -768 ) (0 0 -880 ) 
4 28 36 (0 -1024 -880 ) (0 0 -880 ) (504 0 -880 ) (504 -1024 -880 ) 
4 28 35 (568 -24 -880 ) (568 -232 -880 ) (552 -216 -880 ) (552 -40 -880 ) 
4 28 34 (568 -280 -880 ) (568 -488 -880 ) (552 -472 -880 ) (552 -296 -880 ) 
4 28 33 (568 -792 -880 ) (568 -1000 -880 ) (552 -984 -880 ) (552 -808 -880 ) 
4 28 32 (568 -536 -880 ) (568 -744 -880 ) (552 -728 -880 ) (552 -552 -880 ) 
4 28 31 (568 0 -880 ) (836.266724 0 -880 ) (836.266724 -1024 -880 ) (568 -1024 -880 ) 
4 29 56 (1024 -1024 -880 ) (1024 -1024 -768 ) (912 -1024 -768 ) (852.266602 -1024 -880 ) 
4 29 30 (852.266602 0 -880 ) (1024 0 -880 ) (1024 -1024 -880 ) (852.266602 -1024 -880 ) 
4 30 62 (1024 -1024 -888 ) (1024 -1024 -880 ) (852.266602 -1024 -880 ) (848 -1024 -888 ) 
4 31 64 (768 -1024 -880 ) (568 -1024 -880 ) (568 -1024 -888 ) (768 -1024 -888 ) 
4 31 63 (836.266846 -1024 -880 ) (768 -1024 -880 ) (768 -1024 -888 ) (832 -1024 -888 ) 
4 31 35 (568 -24 -888 ) (568 -232 -888 ) (568 -232 -880 ) (568 -24 -880 ) 
4 31 34 (568 -280 -888 ) (568 -488 -888 ) (568 -488 -880 ) (568 -280 -880 ) 
4 31 33 (568 -792 -888 ) (568 -1000 -888 ) (568 -1000 -880 ) (568 -792 -880 ) 
4 31 32 (568 -536 -888 ) (568 -744 -888 ) (568 -744 -880 ) (568 -536 -880 ) 
4 36 82 (496 -1024 -880 ) (0 -1024 -880 ) (0 -1024 -888 ) (496 -1024 -888 ) 
4 36 70 (504 -1024 -880 ) (496 -1024 -880 ) (496 -1024 -888 ) (504 -1024 -888 ) 
4 36 41 (0 -1024 -888 ) (0 -1024 -880 ) (0 0 -880 ) (0 0 -888 ) 
4 36 39 (496 -1024 -888 ) (0 -1024 -888 ) (0 0 -888 ) (496 0 -888 ) 
3 37 74 (1024 -1024 -1032 ) (1024 -1024 -986.823608 ) (985.600037 -1024 -1032 ) 
4 37 40 (985.600037 0 -1032 ) (1024 0 -1032 ) (1024 -1024 -1032 ) (985.600037 -1024 -1032 ) 
3 38 75 (496 -1024 -952 ) (496 -1024 -1032 ) (564 -1024 -1032 ) 
4 38 40 (496 0 -1032 ) (564 0 -1032 ) (564 -1024 -1032 ) (496 -1024 -1032 ) 
4 38 39 (496 0 -1032 ) (496 -1024 -1032 ) (496 -1024 -952 ) (496 0 -952 ) 
4 39 82 (496 -1024 -888 ) (0 -1024 -888 ) (0 -1024 -1032 ) (496 -1024 -1032 ) 
4 39 41 (0 -1024 -1032 ) (0 -1024 -888 ) (0 0 -888 ) (0 0 -1032 ) 
4 39 40 (0 -1024 -1032 ) (0 0 -1032 ) (496 0 -1032 ) (496 -1024 -1032 ) 
4 40 82 (496 -1024 -1032 ) (0 -1024 -1032 ) (0 -1024 -1142.399902 ) (496 -1024 -1142.399902 ) 
4 40 77 (1024 -1024 -1142.399902 ) (1024 -1024 -1032 ) (496 -1024 -1032 ) (496 -1024 -1142.399902 ) 
4 40 41 (0 -1024 -1142.399902 ) (0 -1024 -1032 ) (0 0 -1032 ) (0 0 -1142.399902 ) 
4 41 83 (0 -1024 -1142.399902 ) (0 -1024 182.399979 ) (-640 -1024 182.399979 ) (-640 -1024 -1142.399902 ) 
4 42 46 (768 -1805.540039 -544 ) (768 -1805.540039 182.399979 ) (768 -1024 182.399979 ) (768 -1024 -544 ) 
4 42 44 (848 -1024 -544 ) (1024 -1024 -544 ) (1024 -1576 -544 ) (848 -1576 -544 ) 
4 42 43 (768 -1576 -544 ) (768 -1024 -544 ) (832 -1024 -544 ) (832 -1576 -544 ) 
4 42 45 (1024 -1805.540039 -544 ) (768 -1805.540039 -544 ) (768 -1576 -544 ) (1024 -1576 -544 ) 
4 43 53 (896 -1544 -640 ) (896 -1576 -640 ) (768 -1576 -640 ) (768 -1544 -640 ) 
4 43 52 (768 -1024 -640 ) (896 -1024 -640 ) (896 -1544 -640 ) (768 -1544 -640 ) 
4 43 47 (768 -1024 -640 ) (768 -1544 -640 ) (768 -1544 -544 ) (768 -1024 -544 ) 
4 43 49 (768 -1568 -640 ) (768 -1576 -640 ) (768 -1576 -544 ) (768 -1568 -544 ) 
4 43 45 (832 -1576 -544 ) (768 -1576 -544 ) (768 -1576 -640 ) (896 -1576 -640 ) 
4 44 50 (928 -1024 -640 ) (1024 -1024 -640 ) (1024 -1576 -640 ) (928 -1576 -640 ) 
4 44 45 (1024 -1576 -544 ) (848 -1576 -544 ) (912 -1576 -640 ) (1024 -1576 -640 ) 
4 45 53 (896 -1805.540039 -640 ) (768 -1805.540039 -640 ) (768 -1576 -640 ) (896 -1576 -640 ) 
4 45 51 (928 -1805.540039 -640 ) (896 -1805.540039 -640 ) (896 -1576 -640 ) (928 -1576 -640 ) 
4 45 50 (1024 -1576 -640 ) (1024 -1805.540039 -640 ) (928 -1805.540039 -640 ) (928 -1576 -640 ) 
4 45 49 (768 -1576 -640 ) (768 -1805.540039 -640 ) (768 -1805.540039 -544 ) (768 -1576 -544 ) 
4 46 83 (0 -1024 182.399979 ) (0 -1024 -544 ) (0 -1805.540039 -544 ) (0 -1805.540039 182.399979 ) 
4 46 48 (0 -1568 -544 ) (0 -1544 -544 ) (520 -1544 -544 ) (520 -1568 -544 ) 
4 46 47 (0 -1544 -544 ) (0 -1024 -544 ) (768 -1024 -544 ) (768 -1544 -544 ) 
4 46 49 (0 -1805.540039 -544 ) (0 -1568 -544 ) (768 -1568 -544 ) (768 -1805.540039 -544 ) 
4 47 83 (0 -1024 -544 ) (0 -1024 -640 ) (0 -1544 -640 ) (0 -1544 -544 ) 
4 47 82 (0 -1544 -640 ) (0 -1024 -640 ) (496 -1024 -640 ) (496 -1544 -640 ) 
4 47 52 (496 -1024 -640 ) (768 -1024 -640 ) (768 -1544 -640 ) (496 -1544 -640 ) 
4 47 48 (0 -1544 -640 ) (520 -1544 -640 ) (520 -1544 -544 ) (0 -1544 -544 ) 
4 48 83 (0 -1544 -640 ) (0 -1568 -640 ) (0 -1568 -544 ) (0 -1544 -544 ) 
4 48 82 (0 -1568 -640 ) (0 -1544 -640 ) (496 -1544 -640 ) (496 -1568 -640 ) 
4 48 54 (496 -1544 -640 ) (520 -1544 -640 ) (520 -1568 -640 ) (496 -1568 -640 ) 
4 48 49 (0 -1568 -640 ) (520 -1568 -640 ) (520 -1568 -544 ) (0 -1568 -544 ) 
4 49 83 (0 -1568 -640 ) (0 -1805.540039 -640 ) (0 -1805.540039 -544 ) (0 -1568 -544 ) 
4 49 82 (0 -1805.540039 -640 ) (0 -1568 -640 ) (496 -1568 -640 ) (496 -1805.540039 -640 ) 
4 49 55 (496 -1568 -640 ) (768 -1568 -640 ) (768 -1805.540039 -640 ) (496 -1805.540039 -640 ) 
4 50 56 (928 -1024 -768 ) (1024 -1024 -768 ) (1024 -1576 -768 ) (928 -1576 -768 ) 
4 50 58 (1024 -1576 -768 ) (1024 -1805.540039 -768 ) (928 -1805.540039 -768 ) (928 -1576 -768 ) 
4 50 51 (928 -1576 -768 ) (928 -1805.540039 -768 ) (928 -1805.540039 -640 ) (928 -1576 -640 ) 
4 51 58 (928 -1576 -768 ) (928 -1805.540039 -768 ) (896 -1805.540039 -768 ) (896 -1576 -768 ) 
4 51 53 (896 -1576 -768 ) (896 -1805.540039 -768 ) (896 -1805.540039 -640 ) (896 -1576 -640 ) 
4 52 82 (496 -1544 -640 ) (496 -1024 -640 ) (496 -1024 -768 ) (496 -1544 -768 ) 
4 52 59 (496 -1544 -768 ) (496 -1024 -768 ) (768 -1024 -768 ) (768 -1544 -768 ) 
4 52 57 (768 -1024 -768 ) (896 -1024 -768 ) (896 -1544 -768 ) (768 -1544 -768 ) 
4 52 54 (496 -1544 -640 ) (496 -1544 -768 ) (520 -1544 -768 ) (520 -1544 -640 ) 
4 52 53 (768 -1544 -768 ) (896 -1544 -768 ) (896 -1544 -640 ) (768 -1544 -640 ) 
4 53 57 (768 -1544 -768 ) (896 -1544 -768 ) (896 -1576 -768 ) (768 -1576 -768 ) 
4 53 58 (896 -1576 -768 ) (896 -1805.540039 -768 ) (768 -1805.540039 -768 ) (768 -1576 -768 ) 
4 53 55 (768 -1568 -768 ) (768 -1805.540039 -768 ) (768 -1805.540039 -640 ) (768 -1568 -640 ) 
4 54 82 (496 -1568 -640 ) (496 -1544 -640 ) (496 -1544 -768 ) (496 -1568 -768 ) 
4 54 60 (496 -1568 -768 ) (496 -1544 -768 ) (520 -1544 -768 ) (520 -1568 -768 ) 
4 54 55 (496 -1568 -640 ) (496 -1568 -768 ) (520 -1568 -768 ) (520 -1568 -640 ) 
4 55 82 (496 -1805.540039 -640 ) (496 -1568 -640 ) (496 -1568 -768 ) (496 -1805.540039 -768 ) 
4 55 61 (496 -1805.540039 -768 ) (496 -1568 -768 ) (768 -1568 -768 ) (768 -1805.540039 -768 ) 
4 56 62 (852.266663 -1024 -880 ) (1024 -1024 -880 ) (1024 -1576 -880 ) (852.266602 -1576 -880 ) 
4 56 58 (852.266663 -1576 -880 ) (1024 -1576 -880 ) (1024 -1576 -768 ) (912 -1576 -768 ) 
4 57 63 (768 -1024 -880 ) (836.266785 -1024 -880 ) (836.266846 -1576 -880 ) (768 -1576 -880 ) 
4 57 61 (768 -1568 -880 ) (768 -1576 -880 ) (768 -1576 -768 ) (768 -1568 -768 ) 
4 57 59 (768 -1024 -880 ) (768 -1544 -880 ) (768 -1544 -768 ) (768 -1024 -768 ) 
4 57 58 (768 -1576 -768 ) (768 -1576 -880 ) (836.266785 -1576 -880 ) (896 -1576 -768 ) 
4 58 69 (1024 -1576 -880 ) (1024 -1805.540039 -880 ) (768 -1805.540039 -880 ) (768 -1576 -880 ) 
4 58 61 (768 -1576 -880 ) (768 -1805.540039 -880 ) (768 -1805.540039 -768 ) (768 -1576 -768 ) 
4 59 82 (496 -1544 -768 ) (496 -1024 -768 ) (496 -1024 -880 ) (496 -1544 -880 ) 
4 59 71 (520 -1536 -880 ) (552 -1536 -880 ) (552 -1544 -880 ) (520 -1544 -880 ) 
4 59 72 (496 -1544 -880 ) (496 -1536 -880 ) (520 -1536 -880 ) (520 -1544 -880 ) 
4 59 70 (496 -1536 -880 ) (496 -1024 -880 ) (504 -1024 -880 ) (504 -1536 -880 ) 
4 59 67 (568 -1048 -880 ) (568 -1256 -880 ) (552 -1240 -880 ) (552 -1064 -880 ) 
4 59 66 (568 -1304 -880 ) (568 -1504 -880 ) (552 -1488 -880 ) (552 -1320 -880 ) 
4 59 64 (568 -1024 -880 ) (768 -1024 -880 ) (768 -1544 -880 ) (568 -1544 -880 ) 
4 59 60 (496 -1544 -880 ) (520 -1544 -880 ) (520 -1544 -768 ) (496 -1544 -768 ) 
4 60 82 (496 -1568 -768 ) (496 -1544 -768 ) (496 -1544 -880 ) (496 -1568 -880 ) 
4 60 72 (496 -1568 -880 ) (496 -1544 -880 ) (520 -1544 -880 ) (520 -1568 -880 ) 
4 60 61 (496 -1568 -880 ) (520 -1568 -880 ) (520 -1568 -768 ) (496 -1568 -768 ) 
4 61 82 (496 -1805.540039 -768 ) (496 -1568 -768 ) (496 -1568 -880 ) (496 -1805.540039 -880 ) 
4 61 73 (496 -1805.540039 -880 ) (496 -1568 -880 ) (552 -1568 -880 ) (552 -1805.540039 -880 ) 
4 61 69 (768 -1576 -880 ) (768 -1805.540039 -880 ) (552 -1805.540039 -880 ) (552 -1576 -880 ) 
4 61 68 (552 -1568 -880 ) (568 -1568 -880 ) (568 -1576 -880 ) (552 -1576 -880 ) 
4 61 65 (568 -1568 -880 ) (768 -1568 -880 ) (768 -1576 -880 ) (568 -1576 -880 ) 
4 62 78 (1024 -1568 -888 ) (1024 -1576 -888 ) (848 -1576 -888 ) (848 -1568 -888 ) 
4 62 76 (1024 -1536 -888 ) (1024 -1544 -888 ) (848 -1544 -888 ) (848 -1536 -888 ) 
4 62 69 (848 -1576 -888 ) (1024 -1576 -888 ) (1024 -1576 -880 ) (852.266602 -1576 -880 ) 
4 63 78 (832 -1568 -888 ) (832 -1576 -888 ) (768 -1576 -888 ) (768 -1568 -888 ) 
4 63 76 (832 -1536 -888 ) (832 -1544 -888 ) (768 -1544 -888 ) (768 -1536 -888 ) 
4 63 69 (768 -1576 -888 ) (832 -1576 -888 ) (836.266846 -1576 -880 ) (768 -1576 -880 ) 
4 63 64 (768 -1024 -888 ) (768 -1544 -888 ) (768 -1544 -880 ) (768 -1024 -880 ) 
4 63 65 (768 -1568 -888 ) (768 -1576 -888 ) (768 -1576 -880 ) (768 -1568 -880 ) 
4 64 76 (768 -1536 -888 ) (768 -1544 -888 ) (568 -1544 -888 ) (568 -1536 -888 ) 
4 64 67 (568 -1048 -888 ) (568 -1256 -888 ) (568 -1256 -880 ) (568 -1048 -880 ) 
4 64 66 (568 -1304 -888 ) (568 -1504 -888 ) (568 -1504 -880 ) (568 -1304 -880 ) 
4 65 79 (768 -1568 -888 ) (768 -1576 -888 ) (568 -1576 -888 ) (568 -1568 -888 ) 
4 65 69 (568 -1576 -888 ) (768 -1576 -888 ) (768 -1576 -880 ) (568 -1576 -880 ) 
4 65 68 (568 -1568 -888 ) (568 -1576 -888 ) (568 -1576 -880 ) (568 -1568 -880 ) 
4 68 79 (552 -1576 -888 ) (552 -1568 -888 ) (568 -1568 -888 ) (568 -1576 -888 ) 
4 68 73 (552 -1568 -888 ) (552 -1576 -888 ) (552 -1576 -880 ) (552 -1568 -880 ) 
4 68 69 (552 -1576 -880 ) (552 -1576 -888 ) (568 -1576 -888 ) (568 -1576 -880 ) 
4 69 79 (552 -1805.540039 -888 ) (552 -1576 -888 ) (768 -1576 -888 ) (768 -1805.540039 -888 ) 
4 69 78 (768 -1576 -888 ) (1024 -1576 -888 ) (1024 -1805.540039 -888 ) (768 -1805.540039 -888 ) 
4 69 73 (552 -1576 -888 ) (552 -1805.540039 -888 ) (552 -1805.540039 -880 ) (552 -1576 -880 ) 
4 70 82 (496 -1536 -880 ) (496 -1024 -880 ) (496 -1024 -888 ) (496 -1536 -888 ) 
4 70 72 (496 -1536 -888 ) (504 -1536 -888 ) (504 -1536 -880 ) (496 -1536 -880 ) 
4 71 76 (520 -1536 -888 ) (552 -1536 -888 ) (552 -1544 -888 ) (520 -1544 -888 ) 
4 71 72 (520 -1536 -880 ) (520 -1536 -888 ) (520 -1544 -888 ) (520 -1544 -880 ) 
4 72 82 (496 -1568 -880 ) (496 -1536 -880 ) (496 -1536 -888 ) (496 -1568 -888 ) 
4 72 80 (496 -1568 -888 ) (496 -1544 -888 ) (520 -1544 -888 ) (520 -1568 -888 ) 
4 72 76 (496 -1544 -888 ) (496 -1536 -888 ) (520 -1536 -888 ) (520 -1544 -888 ) 
4 72 73 (496 -1568 -888 ) (520 -1568 -888 ) (520 -1568 -880 ) (496 -1568 -880 ) 
4 73 82 (496 -1805.540039 -880 ) (496 -1568 -880 ) (496 -1568 -888 ) (496 -1805.540039 -888 ) 
4 73 79 (520 -1568 -888 ) (552 -1568 -888 ) (552 -1805.540039 -888 ) (520 -1805.540039 -888 ) 
4 73 80 (496 -1805.540039 -888 ) (496 -1568 -888 ) (520 -1568 -888 ) (520 -1805.540039 -888 ) 
4 74 77 (985.600037 -1024 -1032 ) (1024 -1024 -1032 ) (1024 -1536 -1032 ) (985.600037 -1536 -1032 ) 
3 74 76 (985.600037 -1536 -1032 ) (1024 -1536 -1032 ) (1024 -1536 -986.823608 ) 
4 75 82 (496 -1024 -952 ) (496 -1024 -1032 ) (496 -1536 -1032 ) (496 -1536 -952 ) 
4 75 77 (496 -1536 -1032 ) (496 -1024 -1032 ) (564 -1024 -1032 ) (564 -1536 -1032 ) 
3 75 76 (496 -1536 -1032 ) (564 -1536 -1032 ) (496 -1536 -952 ) 
4 76 82 (496 -1544 -1032 ) (496 -1544 -888 ) (496 -1536 -888 ) (496 -1536 -1032 ) 
4 76 81 (496 -1544 -1024 ) (496 -1544 -1032 ) (1024 -1544 -1032 ) (1024 -1544 -1024 ) 
4 76 80 (520 -1544 -888 ) (496 -1544 -888 ) (496 -1544 -1024 ) (520 -1544 -1024 ) 
4 76 77 (1024 -1544 -1032 ) (496 -1544 -1032 ) (496 -1536 -1032 ) (1024 -1536 -1032 ) 
4 77 82 (496 -1544 -1142.399902 ) (496 -1544 -1032 ) (496 -1024 -1032 ) (496 -1024 -1142.399902 ) 
4 77 81 (496 -1544 -1032 ) (496 -1544 -1142.399902 ) (1024 -1544 -1142.399902 ) (1024 -1544 -1032 ) 
4 78 81 (1024 -1805.540039 -1024 ) (768 -1805.540039 -1024 ) (768 -1568 -1024 ) (1024 -1568 -1024 ) 
4 78 79 (768 -1568 -1024 ) (768 -1805.540039 -1024 ) (768 -1805.540039 -888 ) (768 -1568 -888 ) 
4 79 81 (768 -1805.540039 -1024 ) (520 -1805.540039 -1024 ) (520 -1568 -1024 ) (768 -1568 -1024 ) 
4 79 80 (520 -1568 -1024 ) (520 -1805.540039 -1024 ) (520 -1805.540039 -888 ) (520 -1568 -888 ) 
4 80 82 (496 -1805.540039 -1024 ) (496 -1805.540039 -888 ) (496 -1544 -888 ) (496 -1544 -1024 ) 
4 80 81 (520 -1805.540039 -1024 ) (496 -1805.540039 -1024 ) (496 -1544 -1024 ) (520 -1544 -1024 ) 
4 81 82 (496 -1805.540039 -1142.399902 ) (496 -1805.540039 -1024 ) (496 -1544 -1024 ) (496 -1544 -1142.399902 ) 
4 82 83 (0 -1024 -640 ) (0 -1024 -1142.399902 ) (0 -1805.540039 -1142.399902 ) (0 -1805.540039 -640 ) 
