PRT1
115
343
4 0 2 (2432 0 -1142.399902 ) (2432 0 182.399979 ) (2048 0 182.399979 ) (2048 0 -1142.399902 ) 
4 0 1 (2048 0 -1142.399902 ) (2048 0 182.399979 ) (2048 173.537994 182.399979 ) (2048 173.537994 -1142.399902 ) 
4 1 17 (1024 0 -1142.399902 ) (1024 0 -888 ) (1024 173.537994 -888 ) (1024 173.537994 -1142.399902 ) 
4 1 12 (1024 0 -888 ) (1024 0 -880 ) (1024 173.537994 -880 ) (1024 173.537994 -888 ) 
4 1 7 (1024 0 -880 ) (1024 0 182.399979 ) (1024 173.537994 182.399979 ) (1024 173.537994 -880 ) 
4 1 6 (1024 0 -986.823547 ) (1024 0 -1142.399902 ) (1040 0 -1142.399902 ) (1040 0 -968 ) 
4 1 5 (1032 0 -888 ) (1040 0 -888 ) (1040 0 -880 ) (1032 0 -880 ) 
4 1 4 (1040 0 182.399979 ) (1024 0 182.399979 ) (1024 0 -880 ) (1040 0 -880 ) 
4 1 3 (2048 0 -1142.399902 ) (2048 0 182.399979 ) (1040 0 182.399979 ) (1040 0 -1142.399902 ) 
4 2 55 (2240 -1024 -144 ) (2048 -1024 -144 ) (2048 -1024 -1142.399902 ) (2240 -1024 -1142.399902 ) 
4 2 54 (2272 -1024 -144 ) (2240 -1024 -144 ) (2240 -1024 -1142.399902 ) (2272 -1024 -1142.399902 ) 
4 2 53 (2432 -1024 -1142.399902 ) (2432 -1024 -576 ) (2272 -1024 -576 ) (2272 -1024 -1142.399902 ) 
4 2 50 (2304 -1024 -144 ) (2272 -1024 -144 ) (2272 -1024 -576 ) (2304 -1024 -576 ) 
4 2 49 (2432 -1024 -576 ) (2432 -1024 -144 ) (2304 -1024 -144 ) (2304 -1024 -576 ) 
4 2 48 (2432 -1024 -144 ) (2432 -1024 182.399979 ) (2048 -1024 182.399979 ) (2048 -1024 -144 ) 
4 2 3 (2048 0 182.399979 ) (2048 0 -1142.399902 ) (2048 -1024 -1142.399902 ) (2048 -1024 182.399979 ) 
4 3 61 (2048 -1024 -1142.399902 ) (2048 -1024 182.399979 ) (1040 -1024 182.399979 ) (1040 -1024 -1142.399902 ) 
4 3 6 (1040 -1024 -1142.399902 ) (1040 -1024 -968 ) (1040 0 -968 ) (1040 0 -1142.399902 ) 
4 3 5 (1040 -1024 -888 ) (1040 -1024 -880 ) (1040 0 -880 ) (1040 0 -888 ) 
4 3 4 (1040 -1024 -880 ) (1040 -1024 182.399979 ) (1040 0 182.399979 ) (1040 0 -880 ) 
4 4 68 (1040 -1024 -880 ) (1040 -1024 -585.200012 ) (1024 -1024 -585.200012 ) (1024 -1024 -880 ) 
4 4 67 (1040 -1024 -585.200012 ) (1040 -1024 182.399979 ) (1024 -1024 182.399979 ) (1024 -1024 -585.200012 ) 
4 4 27 (1024 -1024 -880 ) (1024 -1024 -560 ) (1024 -1000 -560 ) (1024 -1000 -880 ) 
4 4 24 (1024 -792 -732 ) (1024 -792 -880 ) (1024 -1000 -880 ) (1024 -1000 -732 ) 
4 4 22 (1024 -1000 -560 ) (1024 -792 -560 ) (1024 -792 -732 ) (1024 -1000 -732 ) 
4 4 21 (1024 -1024 -560 ) (1024 -1024 182.399979 ) (1024 -792 182.399979 ) (1024 -792 -560 ) 
4 4 18 (1024 -792 182.399979 ) (1024 0 182.399979 ) (1024 0 -568 ) (1024 -792 -568 ) 
4 4 20 (1024 0 -568 ) (1024 0 -880 ) (1024 -792 -880 ) (1024 -792 -568 ) 
4 4 5 (1032 0 -880 ) (1040 0 -880 ) (1040 -1024 -880 ) (1032 -1024 -880 ) 
4 5 71 (1040 -1024 -888 ) (1040 -1024 -880 ) (1032 -1024 -880 ) (1032 -1024 -888 ) 
4 6 72 (1040 -1024 -1142.399902 ) (1040 -1024 -968 ) (1024 -1024 -986.823547 ) (1024 -1024 -1142.399902 ) 
4 6 35 (1024 -1024 -1142.399902 ) (1024 -1024 -1032 ) (1024 0 -1032 ) (1024 0 -1142.399902 ) 
4 6 34 (1024 -1024 -1032 ) (1024 -1024 -986.823547 ) (1024 0 -986.823547 ) (1024 0 -1032 ) 
4 7 18 (1024 0 -568 ) (1024 0 182.399979 ) (776 0 182.399979 ) (776 0 -568 ) 
4 7 20 (1024 0 -880 ) (1024 0 -568 ) (776 0 -568 ) (776 0 -880 ) 
4 7 14 (776 173.537994 -880 ) (968 173.537994 -880 ) (968 0 -880 ) (776 0 -880 ) 
4 7 13 (968 173.537994 -880 ) (984 173.537994 -880 ) (984 32 -880 ) (968 16 -880 ) 
4 7 12 (984 173.537994 -880 ) (1024 173.537994 -880 ) (1024 0 -880 ) (984 0 -880 ) 
4 7 10 (776 173.537994 -568 ) (776 173.537994 -880 ) (776 0 -880 ) (776 0 -568 ) 
4 7 9 (776 173.537994 -560 ) (776 173.537994 -568 ) (776 0 -568 ) (776 0 -560 ) 
4 7 8 (776 0 182.399979 ) (776 173.537994 182.399979 ) (776 173.537994 -560 ) (776 0 -560 ) 
4 8 19 (776 0 182.399979 ) (760 0 182.399979 ) (760 0 -560 ) (776 0 -560 ) 
4 8 11 (760 173.537994 182.399979 ) (760 173.537994 -560 ) (760 0 -560 ) (760 0 182.399979 ) 
4 8 9 (760 0 -560 ) (760 173.537994 -560 ) (776 173.537994 -560 ) (776 0 -560 ) 
4 9 11 (760 173.537994 -560 ) (760 173.537994 -568 ) (760 0 -568 ) (760 0 -560 ) 
4 9 10 (760 0 -568 ) (760 173.537994 -568 ) (776 173.537994 -568 ) (776 0 -568 ) 
4 10 20 (760 0 -568 ) (760 0 -880 ) (776 0 -880 ) (776 0 -568 ) 
4 10 14 (760 173.537994 -880 ) (776 173.537994 -880 ) (776 0 -880 ) (760 0 -880 ) 
4 10 11 (760 173.537994 -568 ) (760 173.537994 -880 ) (760 0 -880 ) (760 0 -568 ) 
4 11 46 (0 0 -880 ) (0 0 182.399979 ) (0 173.537994 182.399979 ) (0 173.537994 -880 ) 
4 11 36 (0 0 182.399979 ) (0 0 -880 ) (760 0 -880 ) (760 0 182.399979 ) 
4 11 15 (552 173.537994 -880 ) (568 173.537994 -880 ) (568 24 -880 ) (552 40 -880 ) 
4 11 14 (568 173.537994 -880 ) (760 173.537994 -880 ) (760 0 -880 ) (568 0 -880 ) 
4 11 16 (0 0 -880 ) (0 173.537994 -880 ) (552 173.537994 -880 ) (552 0 -880 ) 
4 12 17 (984 173.537994 -888 ) (1024 173.537994 -888 ) (1024 0 -888 ) (984 0 -888 ) 
4 12 13 (984 173.537994 -880 ) (984 173.537994 -888 ) (984 32 -888 ) (984 32 -880 ) 
4 13 17 (968 173.537994 -888 ) (984 173.537994 -888 ) (984 32 -888 ) (968 16 -888 ) 
4 13 14 (968 173.537994 -880 ) (968 173.537994 -888 ) (968 16 -888 ) (968 16 -880 ) 
4 14 37 (760 0 -880 ) (568 0 -880 ) (568 0 -888 ) (760 0 -888 ) 
4 14 33 (968 0 -880 ) (760 0 -880 ) (760 0 -888 ) (968 0 -888 ) 
4 14 17 (568 173.537994 -888 ) (968 173.537994 -888 ) (968 0 -888 ) (568 0 -888 ) 
4 14 15 (568 173.537994 -880 ) (568 173.537994 -888 ) (568 24 -888 ) (568 24 -880 ) 
4 15 17 (552 173.537994 -888 ) (568 173.537994 -888 ) (568 24 -888 ) (552 40 -888 ) 
4 15 16 (552 173.537994 -880 ) (552 173.537994 -888 ) (552 40 -888 ) (552 40 -880 ) 
4 16 46 (0 0 -888 ) (0 0 -880 ) (0 173.537994 -880 ) (0 173.537994 -888 ) 
4 16 42 (504 0 -880 ) (0 0 -880 ) (0 0 -888 ) (504 0 -888 ) 
4 16 17 (0 0 -888 ) (0 173.537994 -888 ) (552 173.537994 -888 ) (552 0 -888 ) 
4 17 46 (0 0 -1142.399902 ) (0 0 -888 ) (0 173.537994 -888 ) (0 173.537994 -1142.399902 ) 
4 17 45 (0 0 -1032 ) (0 0 -1142.399902 ) (760 0 -1142.399902 ) (760 0 -1032 ) 
3 17 43 (496 0 -952 ) (496 0 -1032 ) (564 0 -1032 ) 
4 17 44 (496 0 -888 ) (0 0 -888 ) (0 0 -1032 ) (496 0 -1032 ) 
4 17 35 (1024 0 -1142.399902 ) (1024 0 -1032 ) (760 0 -1032 ) (760 0 -1142.399902 ) 
3 17 34 (1024 0 -1032 ) (1024 0 -986.823608 ) (985.600037 0 -1032 ) 
4 18 22 (776 -792 -568 ) (1024 -792 -568 ) (1024 -792 -560 ) (776 -792 -560 ) 
4 18 21 (1024 -792 -560 ) (1024 -792 182.399979 ) (776 -792 182.399979 ) (776 -792 -560 ) 
4 18 19 (776 -792 -560 ) (776 -792 182.399979 ) (776 0 182.399979 ) (776 0 -560 ) 
4 18 20 (1024 -792 -568 ) (776 -792 -568 ) (776 0 -568 ) (1024 0 -568 ) 
4 19 36 (760 0 182.399979 ) (760 0 -560 ) (760 -792 -560 ) (760 -792 182.399979 ) 
4 19 21 (760 -792 182.399979 ) (760 -792 -560 ) (776 -792 -560 ) (776 -792 182.399979 ) 
4 20 36 (760 0 -568 ) (760 0 -880 ) (760 -792 -880 ) (760 -792 -568 ) 
4 20 31 (984 -552 -880 ) (984 -728 -880 ) (968 -744 -880 ) (968 -536 -880 ) 
4 20 30 (984 -48 -880 ) (984 -216 -880 ) (968 -232 -880 ) (968 -32 -880 ) 
4 20 29 (984 -296 -880 ) (984 -472 -880 ) (968 -488 -880 ) (968 -280 -880 ) 
4 20 33 (760 -792 -880 ) (760 0 -880 ) (968 0 -880 ) (968 -792 -880 ) 
4 20 25 (998 -792 -880 ) (1008 -792 -880 ) (1008 -792 -772 ) (998 -792 -772 ) 
4 20 26 (760 -792 -732 ) (760 -792 -880 ) (998 -792 -880 ) (998 -792 -732 ) 
4 20 24 (1008 -792 -880 ) (1024 -792 -880 ) (1024 -792 -732 ) (1008 -792 -732 ) 
4 20 23 (760 -792 -568 ) (760 -792 -732 ) (776 -792 -732 ) (776 -792 -568 ) 
4 20 22 (776 -792 -732 ) (1024 -792 -732 ) (1024 -792 -568 ) (776 -792 -568 ) 
4 21 77 (1024 -1024 -560 ) (1024 -1024 -544 ) (776 -1024 -544 ) (776 -1024 -560 ) 
4 21 76 (1024 -1024 -544 ) (1024 -1024 182.399979 ) (760 -1024 182.399979 ) (760 -1024 -544 ) 
4 21 36 (760 -1024 -560 ) (760 -1024 182.399979 ) (760 -792 182.399979 ) (760 -792 -560 ) 
4 21 27 (776 -1000 -560 ) (1024 -1000 -560 ) (1024 -1024 -560 ) (776 -1024 -560 ) 
4 21 22 (776 -792 -560 ) (1024 -792 -560 ) (1024 -1000 -560 ) (776 -1000 -560 ) 
4 22 27 (1024 -1000 -732 ) (1024 -1000 -560 ) (776 -1000 -560 ) (776 -1000 -732 ) 
4 22 26 (998 -1000 -732 ) (776 -1000 -732 ) (776 -792 -732 ) (998 -792 -732 ) 
4 22 24 (1024 -1000 -732 ) (1008 -1000 -732 ) (1008 -792 -732 ) (1024 -792 -732 ) 
4 22 23 (776 -792 -732 ) (776 -1000 -732 ) (776 -1000 -568 ) (776 -792 -568 ) 
4 23 36 (760 -1000 -732 ) (760 -1000 -568 ) (760 -792 -568 ) (760 -792 -732 ) 
4 23 28 (760 -1000 -568 ) (760 -1000 -732 ) (776 -1000 -732 ) (776 -1000 -568 ) 
4 23 26 (776 -1000 -732 ) (760 -1000 -732 ) (760 -792 -732 ) (776 -792 -732 ) 
4 24 27 (1008 -1000 -880 ) (1024 -1000 -880 ) (1024 -1000 -732 ) (1008 -1000 -732 ) 
4 24 25 (1008 -1000 -880 ) (1008 -1000 -772 ) (1008 -792 -772 ) (1008 -792 -880 ) 
4 25 27 (998 -1000 -880 ) (1008 -1000 -880 ) (1008 -1000 -772 ) (998 -1000 -772 ) 
4 25 26 (998 -1000 -880 ) (998 -1000 -772 ) (998 -792 -772 ) (998 -792 -880 ) 
4 26 36 (760 -792 -880 ) (760 -1000 -880 ) (760 -1000 -732 ) (760 -792 -732 ) 
4 26 32 (968 -792 -880 ) (984 -808 -880 ) (984 -984 -880 ) (968 -1000 -880 ) 
4 26 33 (760 -1000 -880 ) (760 -792 -880 ) (968 -792 -880 ) (968 -1000 -880 ) 
4 26 28 (760 -1000 -880 ) (776 -1000 -880 ) (776 -1000 -732 ) (760 -1000 -732 ) 
4 26 27 (776 -1000 -880 ) (998 -1000 -880 ) (998 -1000 -732 ) (776 -1000 -732 ) 
4 27 77 (1024 -1024 -880 ) (1024 -1024 -560 ) (776 -1024 -560 ) (776 -1024 -880 ) 
4 27 33 (776 -1000 -880 ) (968 -1000 -880 ) (968 -1024 -880 ) (776 -1024 -880 ) 
4 27 28 (776 -1000 -568 ) (776 -1000 -880 ) (776 -1024 -880 ) (776 -1024 -568 ) 
4 28 78 (760 -1024 -568 ) (760 -1024 -880 ) (776 -1024 -880 ) (776 -1024 -568 ) 
4 28 36 (760 -1000 -880 ) (760 -1024 -880 ) (760 -1024 -568 ) (760 -1000 -568 ) 
4 28 33 (760 -1024 -880 ) (760 -1000 -880 ) (776 -1000 -880 ) (776 -1024 -880 ) 
4 29 33 (968 -280 -888 ) (968 -488 -888 ) (968 -488 -880 ) (968 -280 -880 ) 
4 30 33 (968 -32 -888 ) (968 -232 -888 ) (968 -232 -880 ) (968 -32 -880 ) 
4 31 33 (968 -536 -888 ) (968 -744 -888 ) (968 -744 -880 ) (968 -536 -880 ) 
4 32 33 (968 -792 -888 ) (968 -1000 -888 ) (968 -1000 -880 ) (968 -792 -880 ) 
4 33 88 (968 -1024 -880 ) (760 -1024 -880 ) (760 -1024 -888 ) (968 -1024 -888 ) 
4 33 37 (760 0 -880 ) (760 0 -888 ) (760 -1024 -888 ) (760 -1024 -880 ) 
3 34 90 (1024 -1024 -1032 ) (1024 -1024 -986.823608 ) (985.600037 -1024 -1032 ) 
4 34 35 (985.600037 0 -1032 ) (1024 0 -1032 ) (1024 -1024 -1032 ) (985.600037 -1024 -1032 ) 
4 35 94 (1024 -1024 -1142.399902 ) (1024 -1024 -1032 ) (760 -1024 -1032 ) (760 -1024 -1142.399902 ) 
4 35 45 (760 0 -1032 ) (760 0 -1142.399902 ) (760 -1024 -1142.399902 ) (760 -1024 -1032 ) 
4 36 113 (496 -1024 182.399979 ) (0 -1024 182.399979 ) (0 -1024 -880 ) (496 -1024 -880 ) 
4 36 96 (760 -1024 -880 ) (760 -1024 -544 ) (496 -1024 -544 ) (496 -1024 -880 ) 
4 36 95 (760 -1024 -544 ) (760 -1024 182.399979 ) (496 -1024 182.399979 ) (496 -1024 -544 ) 
4 36 47 (0 -1024 -880 ) (0 -1024 182.399979 ) (0 0 182.399979 ) (0 0 -880 ) 
4 36 42 (504 -1024 -880 ) (0 -1024 -880 ) (0 0 -880 ) (504 0 -880 ) 
4 36 41 (552 -216 -880 ) (552 -40 -880 ) (568 -24 -880 ) (568 -232 -880 ) 
4 36 40 (552 -472 -880 ) (552 -296 -880 ) (568 -280 -880 ) (568 -488 -880 ) 
4 36 39 (552 -728 -880 ) (552 -552 -880 ) (568 -536 -880 ) (568 -744 -880 ) 
4 36 38 (552 -984 -880 ) (552 -808 -880 ) (568 -792 -880 ) (568 -1000 -880 ) 
4 36 37 (760 0 -880 ) (760 -1024 -880 ) (568 -1024 -880 ) (568 0 -880 ) 
4 37 99 (760 -1024 -888 ) (760 -1024 -880 ) (568 -1024 -880 ) (568 -1024 -888 ) 
4 37 41 (568 -24 -888 ) (568 -232 -888 ) (568 -232 -880 ) (568 -24 -880 ) 
4 37 40 (568 -280 -888 ) (568 -488 -888 ) (568 -488 -880 ) (568 -280 -880 ) 
4 37 39 (568 -536 -888 ) (568 -744 -888 ) (568 -744 -880 ) (568 -536 -880 ) 
4 37 38 (568 -792 -888 ) (568 -1000 -888 ) (568 -1000 -880 ) (568 -792 -880 ) 
4 42 113 (496 -1024 -880 ) (0 -1024 -880 ) (0 -1024 -888 ) (496 -1024 -888 ) 
4 42 104 (504 -1024 -880 ) (496 -1024 -880 ) (496 -1024 -888 ) (504 -1024 -888 ) 
4 42 47 (0 -1024 -888 ) (0 -1024 -880 ) (0 0 -880 ) (0 0 -888 ) 
4 42 44 (0 -1024 -888 ) (0 0 -888 ) (496 0 -888 ) (496 -1024 -888 ) 
3 43 107 (496 -1024 -952 ) (496 -1024 -1032 ) (564 -1024 -1032 ) 
4 43 45 (564 -1024 -1032 ) (496 -1024 -1032 ) (496 0 -1032 ) (564 0 -1032 ) 
4 43 44 (496 0 -1032 ) (496 -1024 -1032 ) (496 -1024 -952 ) (496 0 -952 ) 
4 44 113 (496 -1024 -888 ) (0 -1024 -888 ) (0 -1024 -1032 ) (496 -1024 -1032 ) 
4 44 47 (0 -1024 -1032 ) (0 -1024 -888 ) (0 0 -888 ) (0 0 -1032 ) 
4 44 45 (496 -1024 -1032 ) (0 -1024 -1032 ) (0 0 -1032 ) (496 0 -1032 ) 
4 45 113 (496 -1024 -1032 ) (0 -1024 -1032 ) (0 -1024 -1142.399902 ) (496 -1024 -1142.399902 ) 
4 45 108 (760 -1024 -1142.399902 ) (760 -1024 -1032 ) (496 -1024 -1032 ) (496 -1024 -1142.399902 ) 
4 45 47 (0 -1024 -1142.399902 ) (0 -1024 -1032 ) (0 0 -1032 ) (0 0 -1142.399902 ) 
4 46 47 (0 0 -1142.399902 ) (0 0 182.399979 ) (-640 0 182.399979 ) (-640 0 -1142.399902 ) 
4 47 114 (0 -1024 -1142.399902 ) (0 -1024 182.399979 ) (-640 -1024 182.399979 ) (-640 -1024 -1142.399902 ) 
4 48 61 (2048 -1024 182.399979 ) (2048 -1024 -144 ) (2048 -1805.540039 -144 ) (2048 -1805.540039 182.399979 ) 
4 48 58 (2048 -1805.540039 -144 ) (2048 -1661.416626 -144 ) (2240 -1661.416626 -144 ) (2240 -1805.540039 -144 ) 
4 48 55 (2048 -1661.416626 -144 ) (2048 -1024 -144 ) (2240 -1024 -144 ) (2240 -1661.416626 -144 ) 
4 48 54 (2240 -1024 -144 ) (2272 -1024 -144 ) (2272 -1805.540039 -144 ) (2240 -1805.540039 -144 ) 
4 48 52 (2304 -1712 -144 ) (2304 -1805.540039 -144 ) (2272 -1805.540039 -144 ) (2272 -1712 -144 ) 
4 48 50 (2272 -1024 -144 ) (2304 -1024 -144 ) (2304 -1600 -144 ) (2272 -1600 -144 ) 
4 48 51 (2304 -1632 -144 ) (2304 -1680 -144 ) (2272 -1680 -144 ) (2272 -1632 -144 ) 
4 48 49 (2304 -1024 -144 ) (2432 -1024 -144 ) (2432 -1805.540039 -144 ) (2304 -1805.540039 -144 ) 
4 49 53 (2432 -1805.540039 -576 ) (2304 -1805.540039 -576 ) (2304 -1024 -576 ) (2432 -1024 -576 ) 
4 49 52 (2304 -1712 -576 ) (2304 -1805.540039 -576 ) (2304 -1805.540039 -144 ) (2304 -1712 -144 ) 
4 49 50 (2304 -1024 -576 ) (2304 -1600 -576 ) (2304 -1600 -144 ) (2304 -1024 -144 ) 
4 49 51 (2304 -1632 -576 ) (2304 -1680 -576 ) (2304 -1680 -144 ) (2304 -1632 -144 ) 
4 50 54 (2272 -1600 -144 ) (2272 -1024 -144 ) (2272 -1024 -576 ) (2272 -1600 -576 ) 
4 50 53 (2272 -1600 -576 ) (2272 -1024 -576 ) (2304 -1024 -576 ) (2304 -1600 -576 ) 
4 51 54 (2272 -1680 -144 ) (2272 -1632 -144 ) (2272 -1632 -576 ) (2272 -1680 -576 ) 
4 51 53 (2272 -1680 -576 ) (2272 -1632 -576 ) (2304 -1632 -576 ) (2304 -1680 -576 ) 
4 52 54 (2272 -1805.540039 -144 ) (2272 -1712 -144 ) (2272 -1712 -576 ) (2272 -1805.540039 -576 ) 
4 52 53 (2304 -1805.540039 -576 ) (2272 -1805.540039 -576 ) (2272 -1712 -576 ) (2304 -1712 -576 ) 
4 53 54 (2272 -1024 -576 ) (2272 -1024 -1142.399902 ) (2272 -1805.540039 -1142.399902 ) (2272 -1805.540039 -576 ) 
3 54 60 (2240 -1805.540039 -336.084167 ) (2240 -1805.540039 -238.990112 ) (2240 -1696 -371 ) 
4 54 59 (2240 -1783.459473 -1142.399902 ) (2240 -1805.540039 -1142.399902 ) (2240 -1805.540039 -1071.915894 ) (2240 -1696 -1037 ) 
4 54 58 (2240 -1805.540039 -238.990112 ) (2240 -1805.540039 -144 ) (2240 -1661.416626 -144 ) (2240 -1579 -512 ) 
3 54 57 (2240 -1634.183350 -1142.399902 ) (2240 -1783.459473 -1142.399902 ) (2240 -1579 -896 ) 
3 54 56 (2240 -1437.816650 -1142.399902 ) (2240 -1634.183350 -1142.399902 ) (2240 -1536 -704 ) 
4 54 55 (2240 -1024 -1142.399902 ) (2240 -1437.816650 -1142.399902 ) (2240 -1661.416626 -144 ) (2240 -1024 -144 ) 
3 55 62 (2048 -1055.902100 -1142.399902 ) (2048 -1437.816528 -1142.399902 ) (2048 -1579 -512 ) 
5 55 61 (2048 -1661.416626 -144 ) (2048 -1024 -144 ) (2048 -1024 -1142.399902 ) (2048 -1055.902100 -1142.399902 ) (2048 -1579 -512 ) 
4 55 58 (2240 -1579 -512 ) (2240 -1661.416382 -144 ) (2048 -1661.416382 -144 ) (2048 -1579 -512 ) 
4 55 56 (2048 -1437.816406 -1142.399902 ) (2240 -1437.816406 -1142.399902 ) (2240 -1536 -704 ) (2048 -1536 -704 ) 
3 56 63 (2048 -1536 -704 ) (2048 -1437.816528 -1142.399902 ) (2048 -1634.183350 -1142.399902 ) 
4 56 57 (2048 -1634.182617 -1142.399902 ) (2240 -1634.182617 -1142.399902 ) (2240 -1579 -895.998962 ) (2048 -1579 -895.998962 ) 
3 57 64 (2048 -1579 -896 ) (2048 -1634.183350 -1142.399902 ) (2048 -1783.459473 -1142.399902 ) 
4 57 59 (2048 -1783.458984 -1142.399902 ) (2240 -1783.458984 -1142.399902 ) (2240 -1696 -1037 ) (2048 -1696 -1037 ) 
4 58 61 (2048 -1805.540039 -144 ) (2048 -1661.416626 -144 ) (2048 -1579 -512 ) (2048 -1805.540039 -238.990112 ) 
4 58 60 (2240 -1696 -371 ) (2240 -1805.540039 -238.990234 ) (2048 -1805.540039 -238.990234 ) (2048 -1696 -371 ) 
4 59 65 (2048 -1696 -1037 ) (2048 -1783.459473 -1142.399902 ) (2048 -1805.540039 -1142.399902 ) (2048 -1805.540039 -1071.915894 ) 
3 60 66 (2048 -1805.540039 -336.084167 ) (2048 -1805.540039 -238.990112 ) (2048 -1696 -371 ) 
4 61 72 (1040 -1024 -968 ) (1040 -1024 -1142.399902 ) (1040 -1055.902100 -1142.399902 ) (1040 -1200.616943 -968 ) 
4 61 71 (1040 -1024 -880 ) (1040 -1024 -888 ) (1040 -1267 -888 ) (1040 -1273.638184 -880 ) 
3 61 69 (1040 -1579 -512 ) (1040 -1696 -371 ) (1040 -1604.011230 -400.321442 ) 
5 61 68 (1040 -1024 -585.200012 ) (1040 -1024 -880 ) (1040 -1273.638184 -880 ) (1040 -1579 -512 ) (1040 -1604.011230 -400.321442 ) 
5 61 67 (1040 -1024 182.399979 ) (1040 -1024 -585.200012 ) (1040 -1696 -371 ) (1040 -1805.540039 -238.990234 ) (1040 -1805.540039 182.399979 ) 
4 61 66 (2048 -1696 -371 ) (2048 -1805.540039 -238.989502 ) (1040 -1805.540039 -238.989471 ) (1040 -1696 -371 ) 
4 61 62 (1040 -1055.901367 -1142.399902 ) (2048 -1055.901367 -1142.399902 ) (2048 -1579 -511.998962 ) (1040 -1579 -511.998901 ) 
4 62 72 (1040 -1055.902100 -1142.399902 ) (1040 -1437.816650 -1142.399902 ) (1040 -1476.875000 -968 ) (1040 -1200.616943 -968 ) 
4 62 71 (1040 -1494.791626 -888 ) (1040 -1496.583252 -880 ) (1040 -1273.638184 -880 ) (1040 -1267 -888 ) 
3 62 68 (1040 -1496.583252 -880 ) (1040 -1579 -512 ) (1040 -1273.638184 -880 ) 
4 62 63 (1040 -1437.816040 -1142.399902 ) (2048 -1437.816040 -1142.399902 ) (2048 -1536 -703.998779 ) (1040 -1536 -703.998779 ) 
4 63 73 (1040 -1536 -1142.399902 ) (1040 -1634.183350 -1142.399902 ) (1040 -1575.416626 -880 ) (1040 -1536 -880 ) 
4 63 72 (1040 -1437.816650 -1142.399902 ) (1040 -1536 -1142.399902 ) (1040 -1536 -968 ) (1040 -1476.875000 -968 ) 
4 63 71 (1040 -1536 -888 ) (1040 -1536 -880 ) (1040 -1496.583374 -880 ) (1040 -1494.791748 -888 ) 
3 63 70 (1040 -1575.416626 -880 ) (1040 -1536 -704 ) (1040 -1496.583374 -880 ) 
4 63 64 (1040 -1634.182739 -1142.399902 ) (2048 -1634.182739 -1142.399902 ) (2048 -1579 -896 ) (1040 -1579 -896 ) 
3 64 74 (1040 -1634.183350 -1142.399902 ) (1040 -1783.459473 -1142.399902 ) (1040 -1579 -896 ) 
4 64 65 (1040 -1783.459351 -1142.399902 ) (2048 -1783.459351 -1142.399902 ) (2048 -1696 -1037 ) (1040 -1696 -1037 ) 
4 65 75 (1040 -1783.459473 -1142.399902 ) (1040 -1805.540039 -1142.399902 ) (1040 -1805.540039 -1071.915894 ) (1040 -1696 -1037 ) 
3 66 67 (1040 -1805.540039 -336.084167 ) (1040 -1805.540039 -238.990234 ) (1040 -1696 -371 ) 
3 67 77 (1024 -1024 -544 ) (1024 -1024 -585.200012 ) (1024 -1153.254883 -544 ) 
5 67 76 (1024 -1024 182.399979 ) (1024 -1024 -544 ) (1024 -1153.254883 -544 ) (1024 -1805.540039 -336.084106 ) (1024 -1805.540039 182.399979 ) 
4 67 69 (1024 -1696 -371 ) (1024 -1604.011230 -400.322083 ) (1040 -1604.011230 -400.322113 ) (1040 -1696 -371 ) 
4 67 68 (1024 -1604.011230 -400.322083 ) (1024 -1024 -585.200562 ) (1040 -1024 -585.200623 ) (1040 -1604.011230 -400.322113 ) 
3 68 80 (1024 -1568 -561.115906 ) (1024 -1568.249878 -560 ) (1024 -1568 -560 ) 
4 68 79 (1024 -1568.249878 -560 ) (1024 -1571.833252 -544 ) (1024 -1568 -544 ) (1024 -1568 -560 ) 
6 68 77 (1024 -1024 -585.200012 ) (1024 -1024 -880 ) (1024 -1496.583252 -880 ) (1024 -1544 -668.278687 ) (1024 -1544 -544 ) (1024 -1153.254883 -544 ) 
3 68 76 (1024 -1571.833252 -544 ) (1024 -1604.011353 -400.321381 ) (1024 -1153.254883 -544 ) 
4 68 71 (1032 -1024 -880 ) (1040 -1024 -880 ) (1040 -1496.583252 -880 ) (1032 -1496.583252 -880 ) 
4 68 70 (1024 -1496.583008 -880 ) (1040 -1496.583008 -880 ) (1040 -1536 -704 ) (1024 -1536 -704 ) 
4 68 69 (1040 -1579 -512 ) (1040 -1604.010742 -400.322266 ) (1024 -1604.010742 -400.322266 ) (1024 -1579 -512 ) 
3 69 76 (1024 -1696 -371 ) (1024 -1604.011353 -400.321381 ) (1024 -1579 -512 ) 
3 70 80 (1024 -1568 -880 ) (1024 -1575.416626 -880 ) (1024 -1568 -846.883850 ) 
4 70 77 (1024 -1496.583252 -880 ) (1024 -1544 -880 ) (1024 -1544 -739.720886 ) (1024 -1536 -704 ) 
4 70 73 (1040 -1536 -880 ) (1040 -1575.416626 -880 ) (1024 -1575.416626 -880 ) (1024 -1536 -880 ) 
4 70 71 (1040 -1496.583252 -880 ) (1040 -1536 -880 ) (1032 -1536 -880 ) (1032 -1496.583252 -880 ) 
4 71 73 (1040 -1536 -888 ) (1040 -1536 -880 ) (1032 -1536 -880 ) (1032 -1536 -888 ) 
4 72 94 (1024 -1024 -1032 ) (1024 -1024 -1142.399902 ) (1024 -1536 -1142.399902 ) (1024 -1536 -1032 ) 
4 72 90 (1024 -1024 -986.823547 ) (1024 -1024 -1032 ) (1024 -1536 -1032 ) (1024 -1536 -986.823547 ) 
4 72 73 (1040 -1536 -1142.399902 ) (1040 -1536 -968 ) (1024 -1536 -986.823547 ) (1024 -1536 -1142.399902 ) 
4 73 94 (1024 -1536 -1032 ) (1024 -1536 -1142.399902 ) (1024 -1634.183350 -1142.399902 ) (1024 -1609.458374 -1032 ) 
4 73 92 (1024 -1544 -1032 ) (1024 -1568 -1032 ) (1024 -1568 -1024 ) (1024 -1544 -1024 ) 
4 73 93 (1024 -1568 -1032 ) (1024 -1609.458374 -1032 ) (1024 -1577.208374 -888 ) (1024 -1568 -888 ) 
4 73 91 (1024 -1536 -888 ) (1024 -1536 -1032 ) (1024 -1544 -1032 ) (1024 -1544 -888 ) 
4 73 84 (1024 -1575.416748 -880 ) (1024 -1568 -880 ) (1024 -1568 -888 ) (1024 -1577.208374 -888 ) 
4 73 83 (1024 -1544 -880 ) (1024 -1536 -880 ) (1024 -1536 -888 ) (1024 -1544 -888 ) 
4 73 74 (1024 -1634.182617 -1142.399902 ) (1040 -1634.182617 -1142.399902 ) (1040 -1578.998901 -895.998657 ) (1024 -1578.998901 -895.998657 ) 
4 74 94 (1024 -1609.458374 -1032 ) (1024 -1634.183350 -1142.399902 ) (1024 -1783.459473 -1142.399902 ) (1024 -1691.851074 -1032 ) 
3 74 93 (1024 -1579 -896 ) (1024 -1609.458374 -1032 ) (1024 -1691.851074 -1032 ) 
4 74 75 (1024 -1783.459351 -1142.399902 ) (1040 -1783.459351 -1142.399902 ) (1040 -1696 -1037 ) (1024 -1696 -1037 ) 
4 75 94 (1024 -1805.540039 -1142.399902 ) (1024 -1805.540039 -1071.915894 ) (1024 -1696 -1037 ) (1024 -1783.459473 -1142.399902 ) 
4 76 95 (760 -1024 182.399979 ) (760 -1024 -544 ) (760 -1805.540039 -544 ) (760 -1805.540039 182.399979 ) 
4 76 82 (760 -1805.540039 -544 ) (760 -1600 -544 ) (1024 -1600 -544 ) (1024 -1805.540039 -544 ) 
4 76 79 (760 -1600 -544 ) (760 -1568 -544 ) (1024 -1568 -544 ) (1024 -1600 -544 ) 
4 76 77 (776 -1024 -544 ) (1024 -1024 -544 ) (1024 -1544 -544 ) (776 -1544 -544 ) 
4 77 88 (776 -1024 -880 ) (968 -1024 -880 ) (968 -1544 -880 ) (776 -1544 -880 ) 
4 77 86 (984 -1320 -880 ) (984 -1496 -880 ) (968 -1512 -880 ) (968 -1304 -880 ) 
4 77 85 (984 -1064 -880 ) (984 -1240 -880 ) (968 -1256 -880 ) (968 -1048 -880 ) 
4 77 83 (1024 -1536 -880 ) (1024 -1544 -880 ) (984 -1544 -880 ) (984 -1536 -880 ) 
4 77 78 (776 -1024 -880 ) (776 -1544 -880 ) (776 -1544 -568 ) (776 -1024 -568 ) 
4 78 96 (760 -1024 -568 ) (760 -1024 -880 ) (760 -1544 -880 ) (760 -1544 -568 ) 
4 78 88 (760 -1544 -880 ) (760 -1024 -880 ) (776 -1024 -880 ) (776 -1544 -880 ) 
4 79 98 (760 -1600 -544 ) (760 -1568 -544 ) (760 -1568 -560 ) (760 -1600 -560 ) 
4 79 82 (1024 -1600 -560 ) (1024 -1600 -544 ) (760 -1600 -544 ) (760 -1600 -560 ) 
4 79 80 (1024 -1600 -560 ) (776 -1600 -560 ) (776 -1568 -560 ) (1024 -1568 -560 ) 
4 80 89 (776 -1568 -880 ) (968 -1568 -880 ) (968 -1600 -880 ) (776 -1600 -880 ) 
5 80 87 (968 -1568 -880 ) (976 -1568 -880 ) (984 -1576 -880 ) (984 -1600 -880 ) (968 -1600 -880 ) 
4 80 84 (984 -1568 -880 ) (1024 -1568 -880 ) (1024 -1600 -880 ) (984 -1600 -880 ) 
4 80 82 (776 -1600 -880 ) (1024 -1600 -880 ) (1024 -1600 -560 ) (776 -1600 -560 ) 
4 80 81 (776 -1600 -880 ) (776 -1600 -568 ) (776 -1568 -568 ) (776 -1568 -880 ) 
4 81 98 (760 -1568 -568 ) (760 -1568 -880 ) (760 -1600 -880 ) (760 -1600 -568 ) 
4 81 89 (760 -1600 -880 ) (760 -1568 -880 ) (776 -1568 -880 ) (776 -1600 -880 ) 
4 81 82 (760 -1600 -880 ) (776 -1600 -880 ) (776 -1600 -568 ) (760 -1600 -568 ) 
4 82 98 (760 -1805.540039 -544 ) (760 -1600 -544 ) (760 -1600 -880 ) (760 -1805.540039 -880 ) 
4 82 89 (760 -1805.540039 -880 ) (760 -1600 -880 ) (968 -1600 -880 ) (968 -1805.540039 -880 ) 
4 82 87 (968 -1600 -880 ) (984 -1600 -880 ) (984 -1805.540039 -880 ) (968 -1805.540039 -880 ) 
4 82 84 (984 -1600 -880 ) (1024 -1600 -880 ) (1024 -1805.540039 -880 ) (984 -1805.540039 -880 ) 
4 83 91 (984 -1544 -888 ) (984 -1536 -888 ) (1024 -1536 -888 ) (1024 -1544 -888 ) 
4 84 93 (984 -1805.540039 -888 ) (984 -1568 -888 ) (1024 -1568 -888 ) (1024 -1805.540039 -888 ) 
4 84 87 (984 -1576 -888 ) (984 -1805.540039 -888 ) (984 -1805.540039 -880 ) (984 -1576 -880 ) 
4 85 88 (968 -1048 -888 ) (968 -1256 -888 ) (968 -1256 -880 ) (968 -1048 -880 ) 
4 86 88 (968 -1304 -888 ) (968 -1512 -888 ) (968 -1512 -880 ) (968 -1304 -880 ) 
5 87 93 (984 -1576 -888 ) (984 -1805.540039 -888 ) (968 -1805.540039 -888 ) (968 -1568 -888 ) (976 -1568 -888 ) 
4 87 89 (968 -1568 -888 ) (968 -1805.540039 -888 ) (968 -1805.540039 -880 ) (968 -1568 -880 ) 
4 88 99 (760 -1544 -880 ) (760 -1024 -880 ) (760 -1024 -888 ) (760 -1544 -888 ) 
4 88 91 (760 -1544 -888 ) (760 -1536 -888 ) (968 -1536 -888 ) (968 -1544 -888 ) 
4 89 102 (760 -1805.540039 -880 ) (760 -1568 -880 ) (760 -1568 -888 ) (760 -1805.540039 -888 ) 
4 89 93 (760 -1805.540039 -888 ) (760 -1568 -888 ) (968 -1568 -888 ) (968 -1805.540039 -888 ) 
4 90 94 (985.600037 -1024 -1032 ) (1024 -1024 -1032 ) (1024 -1536 -1032 ) (985.600037 -1536 -1032 ) 
3 90 91 (985.600037 -1536 -1032 ) (1024 -1536 -1032 ) (1024 -1536 -986.823608 ) 
4 91 109 (760 -1544 -888 ) (760 -1536 -888 ) (760 -1536 -1032 ) (760 -1544 -1032 ) 
4 91 94 (760 -1544 -1032 ) (760 -1536 -1032 ) (1024 -1536 -1032 ) (1024 -1544 -1032 ) 
4 91 92 (760 -1544 -1032 ) (1024 -1544 -1032 ) (1024 -1544 -1024 ) (760 -1544 -1024 ) 
4 92 110 (760 -1544 -1024 ) (760 -1544 -1032 ) (760 -1568 -1032 ) (760 -1568 -1024 ) 
4 92 94 (760 -1568 -1032 ) (760 -1544 -1032 ) (1024 -1544 -1032 ) (1024 -1568 -1032 ) 
4 92 93 (760 -1568 -1032 ) (1024 -1568 -1032 ) (1024 -1568 -1024 ) (760 -1568 -1024 ) 
4 93 111 (760 -1805.540039 -1032 ) (760 -1805.540039 -888 ) (760 -1568 -888 ) (760 -1568 -1032 ) 
4 93 94 (1024 -1805.540039 -1032 ) (760 -1805.540039 -1032 ) (760 -1568 -1032 ) (1024 -1568 -1032 ) 
4 94 110 (760 -1568 -1032 ) (760 -1544 -1032 ) (760 -1544 -1142.399902 ) (760 -1568 -1142.399902 ) 
4 94 109 (760 -1544 -1032 ) (760 -1536 -1032 ) (760 -1536 -1142.399902 ) (760 -1544 -1142.399902 ) 
4 94 111 (760 -1805.540039 -1142.399902 ) (760 -1805.540039 -1032 ) (760 -1568 -1032 ) (760 -1568 -1142.399902 ) 
4 94 108 (760 -1536 -1032 ) (760 -1024 -1032 ) (760 -1024 -1142.399902 ) (760 -1536 -1142.399902 ) 
4 95 113 (496 -1024 182.399979 ) (496 -1024 -544 ) (496 -1805.540039 -544 ) (496 -1805.540039 182.399979 ) 
4 95 97 (496 -1568 -544 ) (496 -1544 -544 ) (520 -1544 -544 ) (520 -1568 -544 ) 
4 95 96 (496 -1544 -544 ) (496 -1024 -544 ) (760 -1024 -544 ) (760 -1544 -544 ) 
4 95 98 (496 -1805.540039 -544 ) (496 -1568 -544 ) (760 -1568 -544 ) (760 -1805.540039 -544 ) 
4 96 113 (496 -1024 -544 ) (496 -1024 -880 ) (496 -1544 -880 ) (496 -1544 -544 ) 
4 96 103 (552 -1536 -880 ) (552 -1544 -880 ) (504 -1544 -880 ) (504 -1536 -880 ) 
4 96 104 (496 -1544 -880 ) (496 -1024 -880 ) (504 -1024 -880 ) (504 -1544 -880 ) 
4 96 101 (568 -1304 -880 ) (568 -1504 -880 ) (552 -1488 -880 ) (552 -1320 -880 ) 
4 96 100 (568 -1048 -880 ) (568 -1256 -880 ) (552 -1240 -880 ) (552 -1064 -880 ) 
4 96 99 (568 -1024 -880 ) (760 -1024 -880 ) (760 -1544 -880 ) (568 -1544 -880 ) 
4 96 97 (496 -1544 -880 ) (520 -1544 -880 ) (520 -1544 -544 ) (496 -1544 -544 ) 
4 97 113 (496 -1544 -880 ) (496 -1568 -880 ) (496 -1568 -544 ) (496 -1544 -544 ) 
4 97 106 (496 -1568 -880 ) (496 -1544 -880 ) (520 -1544 -880 ) (520 -1568 -880 ) 
4 97 98 (496 -1568 -880 ) (520 -1568 -880 ) (520 -1568 -544 ) (496 -1568 -544 ) 
4 98 113 (496 -1568 -880 ) (496 -1805.540039 -880 ) (496 -1805.540039 -544 ) (496 -1568 -544 ) 
4 98 105 (520 -1568 -880 ) (552 -1568 -880 ) (552 -1805.540039 -880 ) (520 -1805.540039 -880 ) 
4 98 106 (496 -1805.540039 -880 ) (496 -1568 -880 ) (520 -1568 -880 ) (520 -1805.540039 -880 ) 
4 98 102 (552 -1568 -880 ) (760 -1568 -880 ) (760 -1805.540039 -880 ) (552 -1805.540039 -880 ) 
4 99 109 (760 -1536 -888 ) (760 -1544 -888 ) (568 -1544 -888 ) (568 -1536 -888 ) 
4 99 101 (568 -1304 -888 ) (568 -1504 -888 ) (568 -1504 -880 ) (568 -1304 -880 ) 
4 99 100 (568 -1048 -888 ) (568 -1256 -888 ) (568 -1256 -880 ) (568 -1048 -880 ) 
4 102 111 (760 -1805.540039 -888 ) (552 -1805.540039 -888 ) (552 -1568 -888 ) (760 -1568 -888 ) 
4 102 105 (552 -1568 -888 ) (552 -1805.540039 -888 ) (552 -1805.540039 -880 ) (552 -1568 -880 ) 
4 103 109 (552 -1536 -888 ) (552 -1544 -888 ) (520 -1544 -888 ) (520 -1536 -888 ) 
4 103 112 (520 -1544 -888 ) (504 -1544 -888 ) (504 -1536 -888 ) (520 -1536 -888 ) 
4 103 106 (504 -1544 -888 ) (520 -1544 -888 ) (520 -1544 -880 ) (504 -1544 -880 ) 
4 103 104 (504 -1536 -888 ) (504 -1544 -888 ) (504 -1544 -880 ) (504 -1536 -880 ) 
4 104 113 (496 -1024 -880 ) (496 -1024 -888 ) (496 -1544 -888 ) (496 -1544 -880 ) 
4 104 112 (496 -1544 -888 ) (496 -1536 -888 ) (504 -1536 -888 ) (504 -1544 -888 ) 
4 104 106 (496 -1544 -888 ) (504 -1544 -888 ) (504 -1544 -880 ) (496 -1544 -880 ) 
4 105 111 (552 -1805.540039 -888 ) (520 -1805.540039 -888 ) (520 -1568 -888 ) (552 -1568 -888 ) 
4 105 106 (520 -1568 -888 ) (520 -1805.540039 -888 ) (520 -1805.540039 -880 ) (520 -1568 -880 ) 
4 106 113 (496 -1544 -888 ) (496 -1805.540039 -888 ) (496 -1805.540039 -880 ) (496 -1544 -880 ) 
4 106 112 (520 -1805.540039 -888 ) (496 -1805.540039 -888 ) (496 -1544 -888 ) (520 -1544 -888 ) 
4 107 113 (496 -1024 -952 ) (496 -1024 -1032 ) (496 -1536 -1032 ) (496 -1536 -952 ) 
3 107 109 (520 -1536 -1032 ) (564 -1536 -1032 ) (520 -1536 -980.235291 ) 
4 107 112 (496 -1536 -952 ) (496 -1536 -1032 ) (520 -1536 -1032 ) (520 -1536 -980.235291 ) 
4 107 108 (564 -1536 -1032 ) (496 -1536 -1032 ) (496 -1024 -1032 ) (564 -1024 -1032 ) 
4 108 113 (496 -1024 -1032 ) (496 -1024 -1142.399902 ) (496 -1536 -1142.399902 ) (496 -1536 -1032 ) 
4 108 109 (520 -1536 -1142.399902 ) (760 -1536 -1142.399902 ) (760 -1536 -1032 ) (520 -1536 -1032 ) 
4 108 112 (496 -1536 -1142.399902 ) (520 -1536 -1142.399902 ) (520 -1536 -1032 ) (496 -1536 -1032 ) 
4 109 110 (520 -1544 -1024 ) (520 -1544 -1142.399902 ) (760 -1544 -1142.399902 ) (760 -1544 -1024 ) 
4 109 112 (520 -1536 -888 ) (520 -1536 -1142.399902 ) (520 -1544 -1142.399902 ) (520 -1544 -888 ) 
4 110 112 (520 -1544 -1142.399902 ) (520 -1568 -1142.399902 ) (520 -1568 -1024 ) (520 -1544 -1024 ) 
4 110 111 (520 -1568 -1024 ) (520 -1568 -1142.399902 ) (760 -1568 -1142.399902 ) (760 -1568 -1024 ) 
4 111 112 (520 -1568 -1142.399902 ) (520 -1805.540039 -1142.399902 ) (520 -1805.540039 -888 ) (520 -1568 -888 ) 
4 112 113 (496 -1536 -1142.399902 ) (496 -1805.540039 -1142.399902 ) (496 -1805.540039 -888 ) (496 -1536 -888 ) 
4 113 114 (0 -1024 182.399979 ) (0 -1024 -1142.399902 ) (0 -1805.540039 -1142.399902 ) (0 -1805.540039 182.399979 ) 
